#
# A fatal error has been detected by the Java Runtime Environment:
#
#  EXCEPTION_ACCESS_VIOLATION (0xc0000005) at pc=0x00007ff8748e2d80, pid=3404, tid=17392
#
# JRE version: OpenJDK Runtime Environment (11.0.10) (build 11.0.10+0-b96-7249189)
# Java VM: OpenJDK 64-Bit Server VM (11.0.10+0-b96-7249189, mixed mode, tiered, compressed oops, g1 gc, windows-amd64)
# Problematic frame:
# V  [jvm.dll+0x252d80]
#
# No core dump will be written. Minidumps are not enabled by default on client versions of Windows
#
# If you would like to submit a bug report, please visit:
#   https://bugreport.java.com/bugreport/crash.jsp
#

---------------  S U M M A R Y ------------

Command Line: --add-opens=java.base/java.util=ALL-UNNAMED --add-opens=java.base/java.lang=ALL-UNNAMED --add-opens=java.base/java.lang.invoke=ALL-UNNAMED --add-opens=java.base/java.util=ALL-UNNAMED --add-opens=java.prefs/java.util.prefs=ALL-UNNAMED --add-opens=java.prefs/java.util.prefs=ALL-UNNAMED --add-opens=java.base/java.nio.charset=ALL-UNNAMED --add-opens=java.base/java.net=ALL-UNNAMED --add-opens=java.base/java.util.concurrent.atomic=ALL-UNNAMED -Xmx2048m -Dfile.encoding=UTF-8 -Duser.country=CA -Duser.language=en -Duser.variant org.gradle.launcher.daemon.bootstrap.GradleDaemon 7.0.2

Host: Intel(R) Core(TM) i5-8300H CPU @ 2.30GHz, 8 cores, 15G,  Windows 10 , 64 bit Build 19041 (10.0.19041.1023)
Time: Mon Oct 25 18:53:12 2021 Eastern Daylight Time elapsed time: 14159.598473 seconds (0d 3h 55m 59s)

---------------  T H R E A D  ---------------

Current thread (0x000002441eaba000):  GCTaskThread "GC Thread#5" [stack: 0x0000008672400000,0x0000008672500000] [id=17392]

Stack: [0x0000008672400000,0x0000008672500000],  sp=0x00000086724ff920,  free space=1022k
Native frames: (J=compiled Java code, j=interpreted, Vv=VM code, C=native code)
V  [jvm.dll+0x252d80]
V  [jvm.dll+0x35b2e1]
V  [jvm.dll+0x2dd2b5]
V  [jvm.dll+0x2dd77c]
V  [jvm.dll+0x748da0]
V  [jvm.dll+0x6e3d45]
V  [jvm.dll+0x5ebe96]
C  [ucrtbase.dll+0x21bb2]
C  [KERNEL32.DLL+0x17034]
C  [ntdll.dll+0x52651]


siginfo: EXCEPTION_ACCESS_VIOLATION (0xc0000005), reading address 0x0000001000000008


Register to memory mapping:

RIP=0x00007ff8748e2d80 jvm.dll
RAX=0x0000001000000000 is an unknown value
RBX=0x0000000000000009 is an unknown value
RCX=0x00000086724ff980 points into unknown readable memory: 0x0000000100744e38 | 38 4e 74 00 01 00 00 00
RDX=0x00000086713feca8 points into unknown readable memory: 0x0000000000000000 | 00 00 00 00 00 00 00 00
RSP=0x00000086724ff920 points into unknown readable memory: 0x00000000000003d8 | d8 03 00 00 00 00 00 00
RBP=0x0 is NULL
RSI=0x0000001000000000 is an unknown value
RDI=0x0 is NULL
R8 =0x0000000100744cd8 is a pointer to class: 
com.android.builder.profile.AnalyticsProfileWriter {0x0000000100744ce0}
R9 =0x0 is NULL
R10=0x0 is NULL
R11=0x0000000000000246 is an unknown value
R12=0x0 is NULL
R13=0x0 is NULL
R14=0x00000086724ff980 points into unknown readable memory: 0x0000000100744e38 | 38 4e 74 00 01 00 00 00
R15=0x00000000000003d8 is an unknown value


Registers:
RAX=0x0000001000000000, RBX=0x0000000000000009, RCX=0x00000086724ff980, RDX=0x00000086713feca8
RSP=0x00000086724ff920, RBP=0x0000000000000000, RSI=0x0000001000000000, RDI=0x0000000000000000
R8 =0x0000000100744cd8, R9 =0x0000000000000000, R10=0x0000000000000000, R11=0x0000000000000246
R12=0x0000000000000000, R13=0x0000000000000000, R14=0x00000086724ff980, R15=0x00000000000003d8
RIP=0x00007ff8748e2d80, EFLAGS=0x0000000000010206

Top of Stack: (sp=0x00000086724ff920)
0x00000086724ff920:   00000000000003d8 0000000000000000
0x00000086724ff930:   0000000000000000 0000000000000030
0x00000086724ff940:   000002441e0c52b8 00007ff8749eb2e1
0x00000086724ff950:   0000000000000009 000002441e0c4ee0
0x00000086724ff960:   000002441eff3880 0000000100744cd8
0x00000086724ff970:   000002441e0c4ed0 00007ff87496d2b5
0x00000086724ff980:   0000000100744e38 000002441eff3880
0x00000086724ff990:   00000086713feca0 0000000000000000
0x00000086724ff9a0:   0000000000000000 000002441eaba000
0x00000086724ff9b0:   0000024401123c80 00007ff87496d77c
0x00000086724ff9c0:   0000000000000000 00000086713febd0
0x00000086724ff9d0:   0000000000000005 0000024401123c80
0x00000086724ff9e0:   00000000000075a3 00007ff874dd8da0
0x00000086724ff9f0:   000002441eaba000 00000086724ffba0
0x00000086724ffa00:   0000000000000000 00000000000075a3
0x00000086724ffa10:   00000086713febd0 0000000000000005 

Instructions: (pc=0x00007ff8748e2d80)
0x00007ff8748e2c80:   8b 01 41 0f b6 f0 48 8b da 48 8b f9 48 8b 00 48
0x00007ff8748e2c90:   83 e0 fe 74 0e 48 3b 18 74 37 48 8b 40 10 48 85
0x00007ff8748e2ca0:   c0 75 f2 45 33 c0 41 8d 50 01 8d 4a 17 e8 2e 0c
0x00007ff8748e2cb0:   e6 ff 48 85 c0 74 2d 48 8b 0f 48 8b 11 48 83 e2
0x00007ff8748e2cc0:   fe 48 89 18 48 89 50 10 c7 40 08 01 00 00 00 eb
0x00007ff8748e2cd0:   13 ff 40 08 48 8b 5c 24 30 48 8b 74 24 38 48 83
0x00007ff8748e2ce0:   c4 20 5f c3 48 8b 0f f6 01 01 74 04 48 83 c8 01
0x00007ff8748e2cf0:   48 89 01 80 3d a9 0d 74 00 00 74 0e 48 8b 05 9d
0x00007ff8748e2d00:   34 7a 00 48 8b 48 28 48 ff 01 40 84 f6 74 08 48
0x00007ff8748e2d10:   8b cf e8 29 00 00 00 48 8b 5c 24 30 48 8b 74 24
0x00007ff8748e2d20:   38 48 83 c4 20 5f c3 cc cc cc cc cc cc cc cc cc
0x00007ff8748e2d30:   e9 eb 00 00 00 cc cc cc cc cc cc cc cc cc cc cc
0x00007ff8748e2d40:   48 89 74 24 20 41 56 48 83 ec 20 48 8b 31 4c 8b
0x00007ff8748e2d50:   f1 f6 06 01 0f 84 b0 00 00 00 48 8b 36 48 89 6c
0x00007ff8748e2d60:   24 38 48 83 e6 fe 48 89 7c 24 40 48 8b c6 bf 00
0x00007ff8748e2d70:   00 00 00 8b ef 74 47 48 89 5c 24 30 0f 1f 40 00
0x00007ff8748e2d80:   83 78 08 00 48 8b 58 10 75 24 48 85 ff 75 0f ff
0x00007ff8748e2d90:   c5 48 8b c8 48 8b f3 e8 c4 0c e6 ff eb 13 ff c5
0x00007ff8748e2da0:   48 89 5f 10 48 8b c8 e8 b4 0c e6 ff eb 03 48 8b
0x00007ff8748e2db0:   f8 48 8b c3 48 85 db 75 c7 48 8b 5c 24 30 49 8b
0x00007ff8748e2dc0:   06 48 8b 7c 24 40 f6 00 01 74 04 48 83 ce 01 48
0x00007ff8748e2dd0:   89 30 49 8b 06 48 83 20 fe 80 3d c3 0c 74 00 00
0x00007ff8748e2de0:   74 23 85 ed 7e 1f 48 8b 05 bb 33 7a 00 48 63 d5
0x00007ff8748e2df0:   48 8b 48 28 48 01 11 48 8b 05 b2 33 7a 00 48 8b
0x00007ff8748e2e00:   48 28 48 29 11 48 8b 6c 24 38 48 8b 74 24 48 48
0x00007ff8748e2e10:   83 c4 20 41 5e c3 cc cc cc cc cc cc cc cc cc cc
0x00007ff8748e2e20:   48 83 ec 38 80 3d 78 0c 74 00 00 0f 84 e0 00 00
0x00007ff8748e2e30:   00 48 8d 54 24 40 48 c7 44 24 40 00 00 00 00 48
0x00007ff8748e2e40:   8d 4c 24 48 e8 87 e9 06 00 48 8b 44 24 40 48 8d
0x00007ff8748e2e50:   15 f3 22 5c 00 45 33 c9 48 89 44 24 20 45 8d 41
0x00007ff8748e2e60:   04 41 8d 49 08 e8 f6 0b 3c 00 48 89 05 2f 33 7a
0x00007ff8748e2e70:   00 48 8b 44 24 40 48 83 78 08 00 0f 85 86 00 00 


Stack slot to memory mapping:
stack at sp + 0 slots: 0x00000000000003d8 is an unknown value
stack at sp + 1 slots: 0x0 is NULL
stack at sp + 2 slots: 0x0 is NULL
stack at sp + 3 slots: 0x0000000000000030 is an unknown value
stack at sp + 4 slots: 0x000002441e0c52b8 points into unknown readable memory: 0x88000100e075e805 | 05 e8 75 e0 00 01 00 88
stack at sp + 5 slots: 0x00007ff8749eb2e1 jvm.dll
stack at sp + 6 slots: 0x0000000000000009 is an unknown value
stack at sp + 7 slots: 0x000002441e0c4ee0 points into unknown readable memory: 0x72646e612e6d6f63 | 63 6f 6d 2e 61 6e 64 72


---------------  P R O C E S S  ---------------

Threads class SMR info:
_java_thread_list=0x000002442955e940, length=40, elements={
0x000002440121c800, 0x000002441def3800, 0x000002441deff000, 0x000002441df54800,
0x000002441df57000, 0x000002441df59000, 0x000002441df5c000, 0x000002441df5d000,
0x000002441df63800, 0x000002441e0c4800, 0x000002441f529000, 0x000002441e408800,
0x000002441fad3800, 0x000002441f688000, 0x000002441f688800, 0x000002441f68b000,
0x000002441f689800, 0x000002441f68c000, 0x0000024421c18000, 0x0000024421c1c800,
0x0000024421c1a800, 0x0000024421c1d000, 0x0000024421c23800, 0x00000244214d3800,
0x00000244214d4000, 0x00000244214d2800, 0x00000244214d7800, 0x00000244214d6800,
0x00000244214d1800, 0x00000244239d1800, 0x00000244214de000, 0x0000024421c19000,
0x0000024421c1a000, 0x0000024421c23000, 0x0000024421c1f800, 0x0000024421c24800,
0x0000024421c25000, 0x0000024421c20800, 0x0000024423a7b000, 0x0000024420fde000
}

Java Threads: ( => current thread )
  0x000002440121c800 JavaThread "main" [_thread_blocked, id=3400, stack(0x0000008670d00000,0x0000008670e00000)]
  0x000002441def3800 JavaThread "Reference Handler" daemon [_thread_blocked, id=17964, stack(0x0000008671400000,0x0000008671500000)]
  0x000002441deff000 JavaThread "Finalizer" daemon [_thread_blocked, id=9112, stack(0x0000008671500000,0x0000008671600000)]
  0x000002441df54800 JavaThread "Signal Dispatcher" daemon [_thread_blocked, id=16740, stack(0x0000008671600000,0x0000008671700000)]
  0x000002441df57000 JavaThread "Attach Listener" daemon [_thread_blocked, id=4108, stack(0x0000008671700000,0x0000008671800000)]
  0x000002441df59000 JavaThread "Service Thread" daemon [_thread_blocked, id=16540, stack(0x0000008671800000,0x0000008671900000)]
  0x000002441df5c000 JavaThread "C2 CompilerThread0" daemon [_thread_blocked, id=4696, stack(0x0000008671900000,0x0000008671a00000)]
  0x000002441df5d000 JavaThread "C1 CompilerThread0" daemon [_thread_blocked, id=6036, stack(0x0000008671a00000,0x0000008671b00000)]
  0x000002441df63800 JavaThread "Sweeper thread" daemon [_thread_blocked, id=3716, stack(0x0000008671b00000,0x0000008671c00000)]
  0x000002441e0c4800 JavaThread "Common-Cleaner" daemon [_thread_blocked, id=15276, stack(0x0000008671c00000,0x0000008671d00000)]
  0x000002441f529000 JavaThread "Daemon health stats" [_thread_blocked, id=8056, stack(0x0000008672500000,0x0000008672600000)]
  0x000002441e408800 JavaThread "Incoming local TCP Connector on port 51848" [_thread_in_native, id=12440, stack(0x0000008671e00000,0x0000008671f00000)]
  0x000002441fad3800 JavaThread "Daemon periodic checks" [_thread_blocked, id=15864, stack(0x0000008671f00000,0x0000008672000000)]
  0x000002441f688000 JavaThread "Cache worker for file hash cache (C:\Users\moxit\.gradle\caches\7.0.2\fileHashes)" [_thread_blocked, id=12076, stack(0x0000008672d00000,0x0000008672e00000)]
  0x000002441f688800 JavaThread "File lock request listener" [_thread_in_native, id=4296, stack(0x0000008672e00000,0x0000008672f00000)]
  0x000002441f68b000 JavaThread "Cache worker for journal cache (C:\Users\moxit\.gradle\caches\journal-1)" [_thread_blocked, id=2632, stack(0x0000008673200000,0x0000008673300000)]
  0x000002441f689800 JavaThread "File watcher server" daemon [_thread_blocked, id=11060, stack(0x0000008673400000,0x0000008673500000)]
  0x000002441f68c000 JavaThread "File watcher consumer" daemon [_thread_blocked, id=8728, stack(0x0000008673500000,0x0000008673600000)]
  0x0000024421c18000 JavaThread "Cache worker for execution history cache (C:\Users\moxit\.gradle\caches\7.0.2\executionHistory)" [_thread_blocked, id=1524, stack(0x0000008673b00000,0x0000008673c00000)]
  0x0000024421c1c800 JavaThread "jar transforms" [_thread_blocked, id=1648, stack(0x0000008673c00000,0x0000008673d00000)]
  0x0000024421c1a800 JavaThread "jar transforms Thread 2" [_thread_blocked, id=9164, stack(0x0000008673d00000,0x0000008673e00000)]
  0x0000024421c1d000 JavaThread "Cache worker for file content cache (C:\Users\moxit\.gradle\caches\7.0.2\fileContent)" [_thread_blocked, id=2248, stack(0x0000008673e00000,0x0000008673f00000)]
  0x0000024421c23800 JavaThread "jar transforms Thread 3" [_thread_blocked, id=14876, stack(0x0000008674000000,0x0000008674100000)]
  0x00000244214d3800 JavaThread "jar transforms Thread 4" [_thread_blocked, id=17308, stack(0x0000008674a00000,0x0000008674b00000)]
  0x00000244214d4000 JavaThread "jar transforms Thread 5" [_thread_blocked, id=1188, stack(0x0000008674b00000,0x0000008674c00000)]
  0x00000244214d2800 JavaThread "jar transforms Thread 6" [_thread_blocked, id=2644, stack(0x0000008674c00000,0x0000008674d00000)]
  0x00000244214d7800 JavaThread "jar transforms Thread 7" [_thread_blocked, id=18276, stack(0x0000008674d00000,0x0000008674e00000)]
  0x00000244214d6800 JavaThread "jar transforms Thread 8" [_thread_blocked, id=15624, stack(0x0000008674e00000,0x0000008674f00000)]
  0x00000244214d1800 JavaThread "Memory manager" [_thread_blocked, id=15204, stack(0x0000008674f00000,0x0000008675000000)]
  0x00000244239d1800 JavaThread "Cache worker for Java compile cache (C:\Users\moxit\.gradle\caches\7.0.2\javaCompile)" [_thread_blocked, id=17296, stack(0x0000008675e00000,0x0000008675f00000)]
  0x00000244214de000 JavaThread "ForkJoinPool.commonPool-worker-7" daemon [_thread_blocked, id=7564, stack(0x0000008676400000,0x0000008676500000)]
  0x0000024421c19000 JavaThread "Daemon Thread 12" [_thread_blocked, id=148, stack(0x0000008670a00000,0x0000008670b00000)]
  0x0000024421c1a000 JavaThread "Handler for socket connection from /127.0.0.1:51848 to /127.0.0.1:52153" [_thread_in_native, id=15728, stack(0x0000008670b00000,0x0000008670c00000)]
  0x0000024421c23000 JavaThread "Cancel handler" [_thread_blocked, id=1128, stack(0x0000008670c00000,0x0000008670d00000)]
  0x0000024421c1f800 JavaThread "Daemon worker Thread 12" [_thread_blocked, id=13024, stack(0x0000008672600000,0x0000008672700000)]
  0x0000024421c24800 JavaThread "Asynchronous log dispatcher for DefaultDaemonConnection: socket connection from /127.0.0.1:51848 to /127.0.0.1:52153" [_thread_blocked, id=16296, stack(0x0000008672700000,0x0000008672800000)]
  0x0000024421c25000 JavaThread "Stdin handler" [_thread_blocked, id=8844, stack(0x0000008672800000,0x0000008672900000)]
  0x0000024421c20800 JavaThread "Daemon client event forwarder" [_thread_blocked, id=6904, stack(0x0000008672900000,0x0000008672a00000)]
  0x0000024423a7b000 JavaThread "C2 CompilerThread1" daemon [_thread_blocked, id=6220, stack(0x0000008674500000,0x0000008674600000)]
  0x0000024420fde000 JavaThread "C2 CompilerThread2" daemon [_thread_blocked, id=10012, stack(0x0000008675500000,0x0000008675600000)]

Other Threads:
  0x000002441deef800 VMThread "VM Thread" [stack: 0x0000008671300000,0x0000008671400000] [id=18300]
  0x000002441e101800 WatcherThread [stack: 0x0000008671d00000,0x0000008671e00000] [id=16996]
  0x0000024401237000 GCTaskThread "GC Thread#0" [stack: 0x0000008670e00000,0x0000008670f00000] [id=4112]
  0x000002441e7c0800 GCTaskThread "GC Thread#1" [stack: 0x0000008672000000,0x0000008672100000] [id=13688]
  0x000002441f241800 GCTaskThread "GC Thread#2" [stack: 0x0000008672100000,0x0000008672200000] [id=2716]
  0x000002441f087000 GCTaskThread "GC Thread#3" [stack: 0x0000008672200000,0x0000008672300000] [id=4384]
  0x000002441eab9000 GCTaskThread "GC Thread#4" [stack: 0x0000008672300000,0x0000008672400000] [id=13012]
=>0x000002441eaba000 GCTaskThread "GC Thread#5" [stack: 0x0000008672400000,0x0000008672500000] [id=17392]
  0x000002441f50a000 GCTaskThread "GC Thread#6" [stack: 0x0000008672f00000,0x0000008673000000] [id=1248]
  0x000002442011c000 GCTaskThread "GC Thread#7" [stack: 0x0000008673000000,0x0000008673100000] [id=1536]
  0x0000024401267000 ConcurrentGCThread "G1 Main Marker" [stack: 0x0000008670f00000,0x0000008671000000] [id=17060]
  0x0000024401268000 ConcurrentGCThread "G1 Conc#0" [stack: 0x0000008671000000,0x0000008671100000] [id=6388]
  0x000002442000d000 ConcurrentGCThread "G1 Conc#1" [stack: 0x0000008673100000,0x0000008673200000] [id=17924]
  0x00000244012fe000 ConcurrentGCThread "G1 Refine#0" [stack: 0x0000008671100000,0x0000008671200000] [id=8236]
  0x0000024423403800 ConcurrentGCThread "G1 Refine#1" [stack: 0x0000008676000000,0x0000008676100000] [id=17996]
  0x00000244233ff800 ConcurrentGCThread "G1 Refine#2" [stack: 0x0000008676100000,0x0000008676200000] [id=5708]
  0x00000244233fe000 ConcurrentGCThread "G1 Refine#3" [stack: 0x0000008676200000,0x0000008676300000] [id=7440]
  0x000002441d538800 ConcurrentGCThread "G1 Young RemSet Sampling" [stack: 0x0000008671200000,0x0000008671300000] [id=11992]

Threads with active compile tasks:
C2 CompilerThread214159689 25264       4       org.gradle.api.internal.artifacts.ivyservice.ivyresolve.ErrorHandlingModuleComponentRepository$ErrorHandlingModuleComponentRepositoryAccess::lambda$tryResolveAndMaybeBlacklist$18 (8 bytes)

VM state:at safepoint (normal execution)

VM Mutex/Monitor currently owned by a thread:  ([mutex/lock_event])
[0x0000024401218000] Threads_lock - owner thread: 0x000002441deef800
[0x0000024401218b40] Heap_lock - owner thread: 0x0000024401267000

Heap address: 0x0000000080000000, size: 2048 MB, Compressed Oops mode: 32-bit
Narrow klass base: 0x0000000000000000, Narrow klass shift: 3
Compressed class space size: 1073741824 Address: 0x0000000100000000

Heap:
 garbage-first heap   total 260096K, used 112328K [0x0000000080000000, 0x0000000100000000)
  region size 1024K, 16 young (16384K), 6 survivors (6144K)
 Metaspace       used 120518K, capacity 124564K, committed 124928K, reserved 1157120K
  class space    used 15039K, capacity 16523K, committed 16640K, reserved 1048576K
Heap Regions: E=young(eden), S=young(survivor), O=old, HS=humongous(starts), HC=humongous(continues), CS=collection set, F=free, A=archive, TAMS=top-at-mark-start (previous, next)
|   0|0x0000000080000000, 0x0000000080100000, 0x0000000080100000|100%| O|  |TAMS 0x0000000080100000, 0x0000000080100000| Untracked 
|   1|0x0000000080100000, 0x0000000080200000, 0x0000000080200000|100%| O|  |TAMS 0x0000000080200000, 0x0000000080200000| Untracked 
|   2|0x0000000080200000, 0x0000000080300000, 0x0000000080300000|100%| O|  |TAMS 0x0000000080300000, 0x0000000080300000| Untracked 
|   3|0x0000000080300000, 0x0000000080400000, 0x0000000080400000|100%|HS|  |TAMS 0x0000000080400000, 0x0000000080400000| Complete 
|   4|0x0000000080400000, 0x0000000080500000, 0x0000000080500000|100%|HC|  |TAMS 0x0000000080500000, 0x0000000080500000| Complete 
|   5|0x0000000080500000, 0x0000000080600000, 0x0000000080600000|100%|HC|  |TAMS 0x0000000080600000, 0x0000000080600000| Complete 
|   6|0x0000000080600000, 0x0000000080700000, 0x0000000080700000|100%| O|  |TAMS 0x0000000080700000, 0x0000000080700000| Untracked 
|   7|0x0000000080700000, 0x0000000080800000, 0x0000000080800000|100%| O|  |TAMS 0x0000000080800000, 0x0000000080800000| Untracked 
|   8|0x0000000080800000, 0x0000000080900000, 0x0000000080900000|100%| O|  |TAMS 0x0000000080900000, 0x0000000080900000| Untracked 
|   9|0x0000000080900000, 0x0000000080a00000, 0x0000000080a00000|100%| O|  |TAMS 0x0000000080a00000, 0x0000000080a00000| Untracked 
|  10|0x0000000080a00000, 0x0000000080b00000, 0x0000000080b00000|100%| O|  |TAMS 0x0000000080b00000, 0x0000000080b00000| Untracked 
|  11|0x0000000080b00000, 0x0000000080c00000, 0x0000000080c00000|100%| O|  |TAMS 0x0000000080c00000, 0x0000000080c00000| Untracked 
|  12|0x0000000080c00000, 0x0000000080d00000, 0x0000000080d00000|100%| O|  |TAMS 0x0000000080d00000, 0x0000000080d00000| Untracked 
|  13|0x0000000080d00000, 0x0000000080e00000, 0x0000000080e00000|100%| O|  |TAMS 0x0000000080e00000, 0x0000000080e00000| Untracked 
|  14|0x0000000080e00000, 0x0000000080f00000, 0x0000000080f00000|100%| O|  |TAMS 0x0000000080f00000, 0x0000000080f00000| Untracked 
|  15|0x0000000080f00000, 0x0000000081000000, 0x0000000081000000|100%| O|  |TAMS 0x0000000081000000, 0x0000000081000000| Untracked 
|  16|0x0000000081000000, 0x0000000081100000, 0x0000000081100000|100%|HS|  |TAMS 0x0000000081100000, 0x0000000081100000| Complete 
|  17|0x0000000081100000, 0x0000000081200000, 0x0000000081200000|100%|HS|  |TAMS 0x0000000081200000, 0x0000000081200000| Complete 
|  18|0x0000000081200000, 0x0000000081300000, 0x0000000081300000|100%|HS|  |TAMS 0x0000000081300000, 0x0000000081300000| Complete 
|  19|0x0000000081300000, 0x0000000081400000, 0x0000000081400000|100%|HC|  |TAMS 0x0000000081400000, 0x0000000081400000| Complete 
|  20|0x0000000081400000, 0x0000000081500000, 0x0000000081500000|100%| O|  |TAMS 0x0000000081500000, 0x0000000081500000| Untracked 
|  21|0x0000000081500000, 0x0000000081600000, 0x0000000081600000|100%| O|  |TAMS 0x0000000081600000, 0x0000000081600000| Untracked 
|  22|0x0000000081600000, 0x0000000081700000, 0x0000000081700000|100%| O|  |TAMS 0x0000000081700000, 0x0000000081700000| Untracked 
|  23|0x0000000081700000, 0x0000000081800000, 0x0000000081800000|100%| O|  |TAMS 0x0000000081800000, 0x0000000081800000| Untracked 
|  24|0x0000000081800000, 0x0000000081900000, 0x0000000081900000|100%| O|  |TAMS 0x0000000081900000, 0x0000000081900000| Untracked 
|  25|0x0000000081900000, 0x0000000081a00000, 0x0000000081a00000|100%| O|  |TAMS 0x0000000081a00000, 0x0000000081a00000| Untracked 
|  26|0x0000000081a00000, 0x0000000081b00000, 0x0000000081b00000|100%| O|  |TAMS 0x0000000081b00000, 0x0000000081b00000| Untracked 
|  27|0x0000000081b00000, 0x0000000081c00000, 0x0000000081c00000|100%| O|  |TAMS 0x0000000081c00000, 0x0000000081c00000| Untracked 
|  28|0x0000000081c00000, 0x0000000081d00000, 0x0000000081d00000|100%| O|  |TAMS 0x0000000081d00000, 0x0000000081d00000| Untracked 
|  29|0x0000000081d00000, 0x0000000081e00000, 0x0000000081e00000|100%| O|  |TAMS 0x0000000081e00000, 0x0000000081e00000| Untracked 
|  30|0x0000000081e00000, 0x0000000081f00000, 0x0000000081f00000|100%| O|  |TAMS 0x0000000081f00000, 0x0000000081f00000| Untracked 
|  31|0x0000000081f00000, 0x0000000081f00000, 0x0000000082000000|  0%| F|  |TAMS 0x0000000081f00000, 0x0000000081f00000| Untracked 
|  32|0x0000000082000000, 0x0000000082100000, 0x0000000082100000|100%| O|  |TAMS 0x0000000082000000, 0x0000000082100000| Untracked 
|  33|0x0000000082100000, 0x0000000082200000, 0x0000000082200000|100%| O|  |TAMS 0x0000000082100000, 0x0000000082200000| Untracked 
|  34|0x0000000082200000, 0x0000000082300000, 0x0000000082300000|100%| O|  |TAMS 0x0000000082300000, 0x0000000082300000| Untracked 
|  35|0x0000000082300000, 0x0000000082400000, 0x0000000082400000|100%| O|  |TAMS 0x0000000082400000, 0x0000000082400000| Untracked 
|  36|0x0000000082400000, 0x0000000082500000, 0x0000000082500000|100%| O|  |TAMS 0x0000000082500000, 0x0000000082500000| Untracked 
|  37|0x0000000082500000, 0x0000000082600000, 0x0000000082600000|100%| O|  |TAMS 0x0000000082500000, 0x0000000082600000| Untracked 
|  38|0x0000000082600000, 0x0000000082700000, 0x0000000082700000|100%| O|  |TAMS 0x0000000082700000, 0x0000000082700000| Untracked 
|  39|0x0000000082700000, 0x0000000082800000, 0x0000000082800000|100%| O|  |TAMS 0x0000000082800000, 0x0000000082800000| Untracked 
|  40|0x0000000082800000, 0x0000000082900000, 0x0000000082900000|100%| O|  |TAMS 0x0000000082900000, 0x0000000082900000| Untracked 
|  41|0x0000000082900000, 0x0000000082900000, 0x0000000082a00000|  0%| F|  |TAMS 0x0000000082900000, 0x0000000082900000| Untracked 
|  42|0x0000000082a00000, 0x0000000082b00000, 0x0000000082b00000|100%| O|  |TAMS 0x0000000082b00000, 0x0000000082b00000| Untracked 
|  43|0x0000000082b00000, 0x0000000082c00000, 0x0000000082c00000|100%| O|  |TAMS 0x0000000082c00000, 0x0000000082c00000| Untracked 
|  44|0x0000000082c00000, 0x0000000082d00000, 0x0000000082d00000|100%|HS|  |TAMS 0x0000000082d00000, 0x0000000082d00000| Complete 
|  45|0x0000000082d00000, 0x0000000082e00000, 0x0000000082e00000|100%|HC|  |TAMS 0x0000000082e00000, 0x0000000082e00000| Complete 
|  46|0x0000000082e00000, 0x0000000082e00000, 0x0000000082f00000|  0%| F|  |TAMS 0x0000000082e00000, 0x0000000082e00000| Untracked 
|  47|0x0000000082f00000, 0x0000000083000000, 0x0000000083000000|100%| O|  |TAMS 0x0000000083000000, 0x0000000083000000| Untracked 
|  48|0x0000000083000000, 0x0000000083000000, 0x0000000083100000|  0%| F|  |TAMS 0x0000000083000000, 0x0000000083000000| Untracked 
|  49|0x0000000083100000, 0x0000000083200000, 0x0000000083200000|100%| O|  |TAMS 0x0000000083200000, 0x0000000083200000| Untracked 
|  50|0x0000000083200000, 0x0000000083300000, 0x0000000083300000|100%| O|  |TAMS 0x0000000083300000, 0x0000000083300000| Untracked 
|  51|0x0000000083300000, 0x0000000083400000, 0x0000000083400000|100%| O|  |TAMS 0x0000000083400000, 0x0000000083400000| Untracked 
|  52|0x0000000083400000, 0x0000000083500000, 0x0000000083500000|100%| O|  |TAMS 0x0000000083500000, 0x0000000083500000| Untracked 
|  53|0x0000000083500000, 0x0000000083600000, 0x0000000083600000|100%| O|  |TAMS 0x0000000083500000, 0x0000000083600000| Untracked 
|  54|0x0000000083600000, 0x0000000083700000, 0x0000000083700000|100%| O|  |TAMS 0x0000000083600000, 0x0000000083700000| Untracked 
|  55|0x0000000083700000, 0x0000000083800000, 0x0000000083800000|100%| O|  |TAMS 0x0000000083800000, 0x0000000083800000| Untracked 
|  56|0x0000000083800000, 0x0000000083900000, 0x0000000083900000|100%| O|  |TAMS 0x0000000083900000, 0x0000000083900000| Untracked 
|  57|0x0000000083900000, 0x0000000083a00000, 0x0000000083a00000|100%| O|  |TAMS 0x0000000083900000, 0x0000000083a00000| Untracked 
|  58|0x0000000083a00000, 0x0000000083a00000, 0x0000000083b00000|  0%| F|  |TAMS 0x0000000083a00000, 0x0000000083a00000| Untracked 
|  59|0x0000000083b00000, 0x0000000083c00000, 0x0000000083c00000|100%| O|  |TAMS 0x0000000083b00000, 0x0000000083c00000| Untracked 
|  60|0x0000000083c00000, 0x0000000083d00000, 0x0000000083d00000|100%| O|  |TAMS 0x0000000083c00000, 0x0000000083d00000| Untracked 
|  61|0x0000000083d00000, 0x0000000083e00000, 0x0000000083e00000|100%| O|  |TAMS 0x0000000083e00000, 0x0000000083e00000| Untracked 
|  62|0x0000000083e00000, 0x0000000083f00000, 0x0000000083f00000|100%| O|  |TAMS 0x0000000083f00000, 0x0000000083f00000| Untracked 
|  63|0x0000000083f00000, 0x0000000084000000, 0x0000000084000000|100%| O|  |TAMS 0x0000000084000000, 0x0000000084000000| Untracked 
|  64|0x0000000084000000, 0x0000000084100000, 0x0000000084100000|100%| O|  |TAMS 0x0000000084000000, 0x0000000084100000| Untracked 
|  65|0x0000000084100000, 0x0000000084200000, 0x0000000084200000|100%| O|  |TAMS 0x0000000084200000, 0x0000000084200000| Untracked 
|  66|0x0000000084200000, 0x0000000084300000, 0x0000000084300000|100%| O|  |TAMS 0x0000000084200000, 0x0000000084300000| Untracked 
|  67|0x0000000084300000, 0x0000000084400000, 0x0000000084400000|100%| O|  |TAMS 0x0000000084400000, 0x0000000084400000| Untracked 
|  68|0x0000000084400000, 0x0000000084500000, 0x0000000084500000|100%| O|  |TAMS 0x0000000084500000, 0x0000000084500000| Untracked 
|  69|0x0000000084500000, 0x0000000084600000, 0x0000000084600000|100%| O|  |TAMS 0x0000000084600000, 0x0000000084600000| Untracked 
|  70|0x0000000084600000, 0x0000000084600000, 0x0000000084700000|  0%| F|  |TAMS 0x0000000084600000, 0x0000000084600000| Untracked 
|  71|0x0000000084700000, 0x0000000084800000, 0x0000000084800000|100%| O|  |TAMS 0x0000000084800000, 0x0000000084800000| Untracked 
|  72|0x0000000084800000, 0x0000000084900000, 0x0000000084900000|100%| O|  |TAMS 0x0000000084900000, 0x0000000084900000| Untracked 
|  73|0x0000000084900000, 0x0000000084a00000, 0x0000000084a00000|100%| O|  |TAMS 0x0000000084a00000, 0x0000000084a00000| Untracked 
|  74|0x0000000084a00000, 0x0000000084b00000, 0x0000000084b00000|100%| O|  |TAMS 0x0000000084b00000, 0x0000000084b00000| Untracked 
|  75|0x0000000084b00000, 0x0000000084c00000, 0x0000000084c00000|100%| O|  |TAMS 0x0000000084b00000, 0x0000000084c00000| Untracked 
|  76|0x0000000084c00000, 0x0000000084d00000, 0x0000000084d00000|100%| O|  |TAMS 0x0000000084d00000, 0x0000000084d00000| Untracked 
|  77|0x0000000084d00000, 0x0000000084e00000, 0x0000000084e00000|100%| O|  |TAMS 0x0000000084d00000, 0x0000000084e00000| Untracked 
|  78|0x0000000084e00000, 0x0000000084f00000, 0x0000000084f00000|100%| O|  |TAMS 0x0000000084f00000, 0x0000000084f00000| Untracked 
|  79|0x0000000084f00000, 0x0000000085000000, 0x0000000085000000|100%| O|  |TAMS 0x0000000085000000, 0x0000000085000000| Untracked 
|  80|0x0000000085000000, 0x0000000085100000, 0x0000000085100000|100%| O|  |TAMS 0x0000000085100000, 0x0000000085100000| Untracked 
|  81|0x0000000085100000, 0x0000000085200000, 0x0000000085200000|100%| O|  |TAMS 0x0000000085100000, 0x0000000085200000| Untracked 
|  82|0x0000000085200000, 0x0000000085217c00, 0x0000000085300000|  9%| O|  |TAMS 0x0000000085200000, 0x0000000085217c00| Untracked 
|  83|0x0000000085300000, 0x0000000085400000, 0x0000000085400000|100%| O|  |TAMS 0x0000000085400000, 0x0000000085400000| Untracked 
|  84|0x0000000085400000, 0x0000000085500000, 0x0000000085500000|100%| O|  |TAMS 0x0000000085500000, 0x0000000085500000| Untracked 
|  85|0x0000000085500000, 0x0000000085600000, 0x0000000085600000|100%| O|  |TAMS 0x0000000085600000, 0x0000000085600000| Untracked 
|  86|0x0000000085600000, 0x0000000085700000, 0x0000000085700000|100%| O|  |TAMS 0x0000000085700000, 0x0000000085700000| Untracked 
|  87|0x0000000085700000, 0x0000000085800000, 0x0000000085800000|100%| O|  |TAMS 0x0000000085800000, 0x0000000085800000| Untracked 
|  88|0x0000000085800000, 0x0000000085900000, 0x0000000085900000|100%| O|  |TAMS 0x0000000085900000, 0x0000000085900000| Untracked 
|  89|0x0000000085900000, 0x0000000085a00000, 0x0000000085a00000|100%| O|  |TAMS 0x0000000085a00000, 0x0000000085a00000| Untracked 
|  90|0x0000000085a00000, 0x0000000085b00000, 0x0000000085b00000|100%| O|  |TAMS 0x0000000085b00000, 0x0000000085b00000| Untracked 
|  91|0x0000000085b00000, 0x0000000085b00000, 0x0000000085c00000|  0%| F|  |TAMS 0x0000000085b00000, 0x0000000085b00000| Untracked 
|  92|0x0000000085c00000, 0x0000000085c00000, 0x0000000085d00000|  0%| F|  |TAMS 0x0000000085c00000, 0x0000000085c00000| Untracked 
|  93|0x0000000085d00000, 0x0000000085d00000, 0x0000000085e00000|  0%| F|  |TAMS 0x0000000085d00000, 0x0000000085d00000| Untracked 
|  94|0x0000000085e00000, 0x0000000085e00000, 0x0000000085f00000|  0%| F|  |TAMS 0x0000000085e00000, 0x0000000085e00000| Untracked 
|  95|0x0000000085f00000, 0x0000000086000000, 0x0000000086000000|100%| O|  |TAMS 0x0000000086000000, 0x0000000086000000| Untracked 
|  96|0x0000000086000000, 0x0000000086000000, 0x0000000086100000|  0%| F|  |TAMS 0x0000000086000000, 0x0000000086000000| Untracked 
|  97|0x0000000086100000, 0x0000000086100000, 0x0000000086200000|  0%| F|  |TAMS 0x0000000086100000, 0x0000000086100000| Untracked 
|  98|0x0000000086200000, 0x0000000086300000, 0x0000000086300000|100%| O|  |TAMS 0x0000000086300000, 0x0000000086300000| Untracked 
|  99|0x0000000086300000, 0x0000000086400000, 0x0000000086400000|100%| O|  |TAMS 0x0000000086400000, 0x0000000086400000| Untracked 
| 100|0x0000000086400000, 0x0000000086500000, 0x0000000086500000|100%| O|  |TAMS 0x0000000086500000, 0x0000000086500000| Untracked 
| 101|0x0000000086500000, 0x0000000086600000, 0x0000000086600000|100%| O|  |TAMS 0x0000000086600000, 0x0000000086600000| Untracked 
| 102|0x0000000086600000, 0x0000000086600000, 0x0000000086700000|  0%| F|  |TAMS 0x0000000086600000, 0x0000000086600000| Untracked 
| 103|0x0000000086700000, 0x0000000086700000, 0x0000000086800000|  0%| F|  |TAMS 0x0000000086700000, 0x0000000086700000| Untracked 
| 104|0x0000000086800000, 0x0000000086800000, 0x0000000086900000|  0%| F|  |TAMS 0x0000000086800000, 0x0000000086800000| Untracked 
| 105|0x0000000086900000, 0x0000000086900000, 0x0000000086a00000|  0%| F|  |TAMS 0x0000000086900000, 0x0000000086900000| Untracked 
| 106|0x0000000086a00000, 0x0000000086a00000, 0x0000000086b00000|  0%| F|  |TAMS 0x0000000086a00000, 0x0000000086a00000| Untracked 
| 107|0x0000000086b00000, 0x0000000086b00000, 0x0000000086c00000|  0%| F|  |TAMS 0x0000000086b00000, 0x0000000086b00000| Untracked 
| 108|0x0000000086c00000, 0x0000000086c00000, 0x0000000086d00000|  0%| F|  |TAMS 0x0000000086c00000, 0x0000000086c00000| Untracked 
| 109|0x0000000086d00000, 0x0000000086d00000, 0x0000000086e00000|  0%| F|  |TAMS 0x0000000086d00000, 0x0000000086d00000| Untracked 
| 110|0x0000000086e00000, 0x0000000086e00000, 0x0000000086f00000|  0%| F|  |TAMS 0x0000000086e00000, 0x0000000086e00000| Untracked 
| 111|0x0000000086f00000, 0x0000000086f00000, 0x0000000087000000|  0%| F|  |TAMS 0x0000000086f00000, 0x0000000086f00000| Untracked 
| 112|0x0000000087000000, 0x0000000087000000, 0x0000000087100000|  0%| F|  |TAMS 0x0000000087000000, 0x0000000087000000| Untracked 
| 113|0x0000000087100000, 0x0000000087100000, 0x0000000087200000|  0%| F|  |TAMS 0x0000000087100000, 0x0000000087100000| Untracked 
| 114|0x0000000087200000, 0x0000000087200000, 0x0000000087300000|  0%| F|  |TAMS 0x0000000087200000, 0x0000000087200000| Untracked 
| 115|0x0000000087300000, 0x0000000087400000, 0x0000000087400000|100%| O|  |TAMS 0x0000000087400000, 0x0000000087400000| Untracked 
| 116|0x0000000087400000, 0x0000000087500000, 0x0000000087500000|100%| O|  |TAMS 0x0000000087500000, 0x0000000087500000| Untracked 
| 117|0x0000000087500000, 0x0000000087600000, 0x0000000087600000|100%| O|  |TAMS 0x0000000087600000, 0x0000000087600000| Untracked 
| 118|0x0000000087600000, 0x0000000087700000, 0x0000000087700000|100%| O|  |TAMS 0x0000000087700000, 0x0000000087700000| Untracked 
| 119|0x0000000087700000, 0x0000000087800000, 0x0000000087800000|100%| O|  |TAMS 0x0000000087800000, 0x0000000087800000| Untracked 
| 120|0x0000000087800000, 0x0000000087800000, 0x0000000087900000|  0%| F|  |TAMS 0x0000000087800000, 0x0000000087800000| Untracked 
| 121|0x0000000087900000, 0x0000000087a00000, 0x0000000087a00000|100%| O|  |TAMS 0x000000008791f800, 0x0000000087a00000| Untracked 
| 122|0x0000000087a00000, 0x0000000087a00000, 0x0000000087b00000|  0%| F|  |TAMS 0x0000000087a00000, 0x0000000087a00000| Untracked 
| 123|0x0000000087b00000, 0x0000000087b00000, 0x0000000087c00000|  0%| F|  |TAMS 0x0000000087b00000, 0x0000000087b00000| Untracked 
| 124|0x0000000087c00000, 0x0000000087c00000, 0x0000000087d00000|  0%| F|  |TAMS 0x0000000087c00000, 0x0000000087c00000| Untracked 
| 125|0x0000000087d00000, 0x0000000087d00000, 0x0000000087e00000|  0%| F|  |TAMS 0x0000000087d00000, 0x0000000087d00000| Untracked 
| 126|0x0000000087e00000, 0x0000000087e00000, 0x0000000087f00000|  0%| F|  |TAMS 0x0000000087e00000, 0x0000000087e00000| Untracked 
| 127|0x0000000087f00000, 0x0000000087f00000, 0x0000000088000000|  0%| F|  |TAMS 0x0000000087f00000, 0x0000000087f00000| Untracked 
| 128|0x0000000088000000, 0x0000000088000000, 0x0000000088100000|  0%| F|  |TAMS 0x0000000088000000, 0x0000000088000000| Untracked 
| 129|0x0000000088100000, 0x0000000088100000, 0x0000000088200000|  0%| F|  |TAMS 0x0000000088100000, 0x0000000088100000| Untracked 
| 130|0x0000000088200000, 0x0000000088200000, 0x0000000088300000|  0%| F|  |TAMS 0x0000000088200000, 0x0000000088200000| Untracked 
| 131|0x0000000088300000, 0x0000000088300000, 0x0000000088400000|  0%| F|  |TAMS 0x0000000088300000, 0x0000000088300000| Untracked 
| 132|0x0000000088400000, 0x0000000088400000, 0x0000000088500000|  0%| F|  |TAMS 0x0000000088400000, 0x0000000088400000| Untracked 
| 133|0x0000000088500000, 0x0000000088500000, 0x0000000088600000|  0%| F|  |TAMS 0x0000000088500000, 0x0000000088500000| Untracked 
| 134|0x0000000088600000, 0x0000000088600000, 0x0000000088700000|  0%| F|  |TAMS 0x0000000088600000, 0x0000000088600000| Untracked 
| 135|0x0000000088700000, 0x0000000088700000, 0x0000000088800000|  0%| F|  |TAMS 0x0000000088700000, 0x0000000088700000| Untracked 
| 136|0x0000000088800000, 0x0000000088800000, 0x0000000088900000|  0%| F|  |TAMS 0x0000000088800000, 0x0000000088800000| Untracked 
| 137|0x0000000088900000, 0x0000000088900000, 0x0000000088a00000|  0%| F|  |TAMS 0x0000000088900000, 0x0000000088900000| Untracked 
| 138|0x0000000088a00000, 0x0000000088a00000, 0x0000000088b00000|  0%| F|  |TAMS 0x0000000088a00000, 0x0000000088a00000| Untracked 
| 139|0x0000000088b00000, 0x0000000088b00000, 0x0000000088c00000|  0%| F|  |TAMS 0x0000000088b00000, 0x0000000088b00000| Untracked 
| 140|0x0000000088c00000, 0x0000000088c00000, 0x0000000088d00000|  0%| F|  |TAMS 0x0000000088c00000, 0x0000000088c00000| Untracked 
| 141|0x0000000088d00000, 0x0000000088d00000, 0x0000000088e00000|  0%| F|  |TAMS 0x0000000088d00000, 0x0000000088d00000| Untracked 
| 142|0x0000000088e00000, 0x0000000088e00000, 0x0000000088f00000|  0%| F|  |TAMS 0x0000000088e00000, 0x0000000088e00000| Untracked 
| 143|0x0000000088f00000, 0x0000000088f00000, 0x0000000089000000|  0%| F|  |TAMS 0x0000000088f00000, 0x0000000088f00000| Untracked 
| 144|0x0000000089000000, 0x0000000089000000, 0x0000000089100000|  0%| F|  |TAMS 0x0000000089000000, 0x0000000089000000| Untracked 
| 145|0x0000000089100000, 0x0000000089100000, 0x0000000089200000|  0%| F|  |TAMS 0x0000000089100000, 0x0000000089100000| Untracked 
| 146|0x0000000089200000, 0x000000008929a770, 0x0000000089300000| 60%| S|CS|TAMS 0x0000000089200000, 0x0000000089200000| Complete 
| 147|0x0000000089300000, 0x0000000089400000, 0x0000000089400000|100%| S|CS|TAMS 0x0000000089300000, 0x0000000089300000| Complete 
| 148|0x0000000089400000, 0x0000000089500000, 0x0000000089500000|100%| S|CS|TAMS 0x0000000089400000, 0x0000000089400000| Complete 
| 149|0x0000000089500000, 0x0000000089600000, 0x0000000089600000|100%| S|CS|TAMS 0x0000000089500000, 0x0000000089500000| Complete 
| 150|0x0000000089600000, 0x0000000089700000, 0x0000000089700000|100%| S|CS|TAMS 0x0000000089600000, 0x0000000089600000| Complete 
| 151|0x0000000089700000, 0x0000000089800000, 0x0000000089800000|100%| S|CS|TAMS 0x0000000089700000, 0x0000000089700000| Complete 
| 152|0x0000000089800000, 0x0000000089800000, 0x0000000089900000|  0%| F|  |TAMS 0x0000000089800000, 0x0000000089800000| Untracked 
| 153|0x0000000089900000, 0x0000000089900000, 0x0000000089a00000|  0%| F|  |TAMS 0x0000000089900000, 0x0000000089900000| Untracked 
| 154|0x0000000089a00000, 0x0000000089a00000, 0x0000000089b00000|  0%| F|  |TAMS 0x0000000089a00000, 0x0000000089a00000| Untracked 
| 155|0x0000000089b00000, 0x0000000089b00000, 0x0000000089c00000|  0%| F|  |TAMS 0x0000000089b00000, 0x0000000089b00000| Untracked 
| 156|0x0000000089c00000, 0x0000000089c00000, 0x0000000089d00000|  0%| F|  |TAMS 0x0000000089c00000, 0x0000000089c00000| Untracked 
| 157|0x0000000089d00000, 0x0000000089d00000, 0x0000000089e00000|  0%| F|  |TAMS 0x0000000089d00000, 0x0000000089d00000| Untracked 
| 158|0x0000000089e00000, 0x0000000089e00000, 0x0000000089f00000|  0%| F|  |TAMS 0x0000000089e00000, 0x0000000089e00000| Untracked 
| 159|0x0000000089f00000, 0x0000000089f00000, 0x000000008a000000|  0%| F|  |TAMS 0x0000000089f00000, 0x0000000089f00000| Untracked 
| 160|0x000000008a000000, 0x000000008a000000, 0x000000008a100000|  0%| F|  |TAMS 0x000000008a000000, 0x000000008a000000| Untracked 
| 161|0x000000008a100000, 0x000000008a100000, 0x000000008a200000|  0%| F|  |TAMS 0x000000008a100000, 0x000000008a100000| Untracked 
| 162|0x000000008a200000, 0x000000008a200000, 0x000000008a300000|  0%| F|  |TAMS 0x000000008a200000, 0x000000008a200000| Untracked 
| 163|0x000000008a300000, 0x000000008a300000, 0x000000008a400000|  0%| F|  |TAMS 0x000000008a300000, 0x000000008a300000| Untracked 
| 164|0x000000008a400000, 0x000000008a400000, 0x000000008a500000|  0%| F|  |TAMS 0x000000008a400000, 0x000000008a400000| Untracked 
| 165|0x000000008a500000, 0x000000008a500000, 0x000000008a600000|  0%| F|  |TAMS 0x000000008a500000, 0x000000008a500000| Untracked 
| 166|0x000000008a600000, 0x000000008a600000, 0x000000008a700000|  0%| F|  |TAMS 0x000000008a600000, 0x000000008a600000| Untracked 
| 167|0x000000008a700000, 0x000000008a700000, 0x000000008a800000|  0%| F|  |TAMS 0x000000008a700000, 0x000000008a700000| Untracked 
| 168|0x000000008a800000, 0x000000008a800000, 0x000000008a900000|  0%| F|  |TAMS 0x000000008a800000, 0x000000008a800000| Untracked 
| 169|0x000000008a900000, 0x000000008a900000, 0x000000008aa00000|  0%| F|  |TAMS 0x000000008a900000, 0x000000008a900000| Untracked 
| 170|0x000000008aa00000, 0x000000008aa00000, 0x000000008ab00000|  0%| F|  |TAMS 0x000000008aa00000, 0x000000008aa00000| Untracked 
| 171|0x000000008ab00000, 0x000000008ab00000, 0x000000008ac00000|  0%| F|  |TAMS 0x000000008ab00000, 0x000000008ab00000| Untracked 
| 172|0x000000008ac00000, 0x000000008ac00000, 0x000000008ad00000|  0%| F|  |TAMS 0x000000008ac00000, 0x000000008ac00000| Untracked 
| 173|0x000000008ad00000, 0x000000008ad00000, 0x000000008ae00000|  0%| F|  |TAMS 0x000000008ad00000, 0x000000008ad00000| Untracked 
| 174|0x000000008ae00000, 0x000000008ae00000, 0x000000008af00000|  0%| F|  |TAMS 0x000000008ae00000, 0x000000008ae00000| Untracked 
| 175|0x000000008af00000, 0x000000008af00000, 0x000000008b000000|  0%| F|  |TAMS 0x000000008af00000, 0x000000008af00000| Untracked 
| 176|0x000000008b000000, 0x000000008b000000, 0x000000008b100000|  0%| F|  |TAMS 0x000000008b000000, 0x000000008b000000| Untracked 
| 177|0x000000008b100000, 0x000000008b100000, 0x000000008b200000|  0%| F|  |TAMS 0x000000008b100000, 0x000000008b100000| Untracked 
| 178|0x000000008b200000, 0x000000008b200000, 0x000000008b300000|  0%| F|  |TAMS 0x000000008b200000, 0x000000008b200000| Untracked 
| 179|0x000000008b300000, 0x000000008b300000, 0x000000008b400000|  0%| F|  |TAMS 0x000000008b300000, 0x000000008b300000| Untracked 
| 180|0x000000008b400000, 0x000000008b400000, 0x000000008b500000|  0%| F|  |TAMS 0x000000008b400000, 0x000000008b400000| Untracked 
| 181|0x000000008b500000, 0x000000008b500000, 0x000000008b600000|  0%| F|  |TAMS 0x000000008b500000, 0x000000008b500000| Untracked 
| 182|0x000000008b600000, 0x000000008b600000, 0x000000008b700000|  0%| F|  |TAMS 0x000000008b600000, 0x000000008b600000| Untracked 
| 183|0x000000008b700000, 0x000000008b700000, 0x000000008b800000|  0%| F|  |TAMS 0x000000008b700000, 0x000000008b700000| Untracked 
| 184|0x000000008b800000, 0x000000008b800000, 0x000000008b900000|  0%| F|  |TAMS 0x000000008b800000, 0x000000008b800000| Untracked 
| 185|0x000000008b900000, 0x000000008b900000, 0x000000008ba00000|  0%| F|  |TAMS 0x000000008b900000, 0x000000008b900000| Untracked 
| 186|0x000000008ba00000, 0x000000008ba00000, 0x000000008bb00000|  0%| F|  |TAMS 0x000000008ba00000, 0x000000008ba00000| Untracked 
| 187|0x000000008bb00000, 0x000000008bb00000, 0x000000008bc00000|  0%| F|  |TAMS 0x000000008bb00000, 0x000000008bb00000| Untracked 
| 188|0x000000008bc00000, 0x000000008bc00000, 0x000000008bd00000|  0%| F|  |TAMS 0x000000008bc00000, 0x000000008bc00000| Untracked 
| 189|0x000000008bd00000, 0x000000008bd00000, 0x000000008be00000|  0%| F|  |TAMS 0x000000008bd00000, 0x000000008bd00000| Untracked 
| 190|0x000000008be00000, 0x000000008be00000, 0x000000008bf00000|  0%| F|  |TAMS 0x000000008be00000, 0x000000008be00000| Untracked 
| 191|0x000000008bf00000, 0x000000008bf00000, 0x000000008c000000|  0%| F|  |TAMS 0x000000008bf00000, 0x000000008bf00000| Untracked 
| 192|0x000000008c000000, 0x000000008c000000, 0x000000008c100000|  0%| F|  |TAMS 0x000000008c000000, 0x000000008c000000| Untracked 
| 193|0x000000008c100000, 0x000000008c100000, 0x000000008c200000|  0%| F|  |TAMS 0x000000008c100000, 0x000000008c100000| Untracked 
| 194|0x000000008c200000, 0x000000008c200000, 0x000000008c300000|  0%| F|  |TAMS 0x000000008c200000, 0x000000008c200000| Untracked 
| 195|0x000000008c300000, 0x000000008c300000, 0x000000008c400000|  0%| F|  |TAMS 0x000000008c300000, 0x000000008c300000| Untracked 
| 196|0x000000008c400000, 0x000000008c400000, 0x000000008c500000|  0%| F|  |TAMS 0x000000008c400000, 0x000000008c400000| Untracked 
| 197|0x000000008c500000, 0x000000008c500000, 0x000000008c600000|  0%| F|  |TAMS 0x000000008c500000, 0x000000008c500000| Untracked 
| 198|0x000000008c600000, 0x000000008c600000, 0x000000008c700000|  0%| F|  |TAMS 0x000000008c600000, 0x000000008c600000| Untracked 
| 199|0x000000008c700000, 0x000000008c700000, 0x000000008c800000|  0%| F|  |TAMS 0x000000008c700000, 0x000000008c700000| Untracked 
| 200|0x000000008c800000, 0x000000008c800000, 0x000000008c900000|  0%| F|  |TAMS 0x000000008c800000, 0x000000008c800000| Untracked 
| 201|0x000000008c900000, 0x000000008c900000, 0x000000008ca00000|  0%| F|  |TAMS 0x000000008c900000, 0x000000008c900000| Untracked 
| 202|0x000000008ca00000, 0x000000008ca00000, 0x000000008cb00000|  0%| F|  |TAMS 0x000000008ca00000, 0x000000008ca00000| Untracked 
| 203|0x000000008cb00000, 0x000000008cb00000, 0x000000008cc00000|  0%| F|  |TAMS 0x000000008cb00000, 0x000000008cb00000| Untracked 
| 204|0x000000008cc00000, 0x000000008cc00000, 0x000000008cd00000|  0%| F|  |TAMS 0x000000008cc00000, 0x000000008cc00000| Untracked 
| 205|0x000000008cd00000, 0x000000008cd00000, 0x000000008ce00000|  0%| F|  |TAMS 0x000000008cd00000, 0x000000008cd00000| Untracked 
| 206|0x000000008ce00000, 0x000000008ce00000, 0x000000008cf00000|  0%| F|  |TAMS 0x000000008ce00000, 0x000000008ce00000| Untracked 
| 207|0x000000008cf00000, 0x000000008cf00000, 0x000000008d000000|  0%| F|  |TAMS 0x000000008cf00000, 0x000000008cf00000| Untracked 
| 208|0x000000008d000000, 0x000000008d000000, 0x000000008d100000|  0%| F|  |TAMS 0x000000008d000000, 0x000000008d000000| Untracked 
| 209|0x000000008d100000, 0x000000008d100000, 0x000000008d200000|  0%| F|  |TAMS 0x000000008d100000, 0x000000008d100000| Untracked 
| 210|0x000000008d200000, 0x000000008d200000, 0x000000008d300000|  0%| F|  |TAMS 0x000000008d200000, 0x000000008d200000| Untracked 
| 211|0x000000008d300000, 0x000000008d300000, 0x000000008d400000|  0%| F|  |TAMS 0x000000008d300000, 0x000000008d300000| Untracked 
| 212|0x000000008d400000, 0x000000008d400000, 0x000000008d500000|  0%| F|  |TAMS 0x000000008d400000, 0x000000008d400000| Untracked 
| 213|0x000000008d500000, 0x000000008d500000, 0x000000008d600000|  0%| F|  |TAMS 0x000000008d500000, 0x000000008d500000| Untracked 
| 214|0x000000008d600000, 0x000000008d600000, 0x000000008d700000|  0%| F|  |TAMS 0x000000008d600000, 0x000000008d600000| Untracked 
| 215|0x000000008d700000, 0x000000008d700000, 0x000000008d800000|  0%| F|  |TAMS 0x000000008d700000, 0x000000008d700000| Untracked 
| 216|0x000000008d800000, 0x000000008d800000, 0x000000008d900000|  0%| F|  |TAMS 0x000000008d800000, 0x000000008d800000| Untracked 
| 217|0x000000008d900000, 0x000000008d900000, 0x000000008da00000|  0%| F|  |TAMS 0x000000008d900000, 0x000000008d900000| Untracked 
| 218|0x000000008da00000, 0x000000008da00000, 0x000000008db00000|  0%| F|  |TAMS 0x000000008da00000, 0x000000008da00000| Untracked 
| 219|0x000000008db00000, 0x000000008db00000, 0x000000008dc00000|  0%| F|  |TAMS 0x000000008db00000, 0x000000008db00000| Untracked 
| 220|0x000000008dc00000, 0x000000008dc00000, 0x000000008dd00000|  0%| F|  |TAMS 0x000000008dc00000, 0x000000008dc00000| Untracked 
| 221|0x000000008dd00000, 0x000000008dd00000, 0x000000008de00000|  0%| F|  |TAMS 0x000000008dd00000, 0x000000008dd00000| Untracked 
| 222|0x000000008de00000, 0x000000008de00000, 0x000000008df00000|  0%| F|  |TAMS 0x000000008de00000, 0x000000008de00000| Untracked 
| 223|0x000000008df00000, 0x000000008df00000, 0x000000008e000000|  0%| F|  |TAMS 0x000000008df00000, 0x000000008df00000| Untracked 
| 224|0x000000008e000000, 0x000000008e000000, 0x000000008e100000|  0%| F|  |TAMS 0x000000008e000000, 0x000000008e000000| Untracked 
| 225|0x000000008e100000, 0x000000008e100000, 0x000000008e200000|  0%| F|  |TAMS 0x000000008e100000, 0x000000008e100000| Untracked 
| 226|0x000000008e200000, 0x000000008e200000, 0x000000008e300000|  0%| F|  |TAMS 0x000000008e200000, 0x000000008e200000| Untracked 
| 227|0x000000008e300000, 0x000000008e300000, 0x000000008e400000|  0%| F|  |TAMS 0x000000008e300000, 0x000000008e300000| Untracked 
| 228|0x000000008e400000, 0x000000008e400000, 0x000000008e500000|  0%| F|  |TAMS 0x000000008e400000, 0x000000008e400000| Untracked 
| 229|0x000000008e500000, 0x000000008e500000, 0x000000008e600000|  0%| F|  |TAMS 0x000000008e500000, 0x000000008e500000| Untracked 
| 230|0x000000008e600000, 0x000000008e600000, 0x000000008e700000|  0%| F|  |TAMS 0x000000008e600000, 0x000000008e600000| Untracked 
| 231|0x000000008e700000, 0x000000008e700000, 0x000000008e800000|  0%| F|  |TAMS 0x000000008e700000, 0x000000008e700000| Untracked 
| 232|0x000000008e800000, 0x000000008e800000, 0x000000008e900000|  0%| F|  |TAMS 0x000000008e800000, 0x000000008e800000| Untracked 
| 233|0x000000008e900000, 0x000000008e900000, 0x000000008ea00000|  0%| F|  |TAMS 0x000000008e900000, 0x000000008e900000| Untracked 
| 234|0x000000008ea00000, 0x000000008ea00000, 0x000000008eb00000|  0%| F|  |TAMS 0x000000008ea00000, 0x000000008ea00000| Untracked 
| 235|0x000000008eb00000, 0x000000008eb00000, 0x000000008ec00000|  0%| F|  |TAMS 0x000000008eb00000, 0x000000008eb00000| Untracked 
| 236|0x000000008ec00000, 0x000000008ec00000, 0x000000008ed00000|  0%| F|  |TAMS 0x000000008ec00000, 0x000000008ec00000| Untracked 
| 237|0x000000008ed00000, 0x000000008ed00000, 0x000000008ee00000|  0%| F|  |TAMS 0x000000008ed00000, 0x000000008ed00000| Untracked 
| 238|0x000000008ee00000, 0x000000008ee00000, 0x000000008ef00000|  0%| F|  |TAMS 0x000000008ee00000, 0x000000008ee00000| Untracked 
| 239|0x000000008ef00000, 0x000000008ef00000, 0x000000008f000000|  0%| F|  |TAMS 0x000000008ef00000, 0x000000008ef00000| Untracked 
| 240|0x000000008f000000, 0x000000008f000000, 0x000000008f100000|  0%| F|  |TAMS 0x000000008f000000, 0x000000008f000000| Untracked 
| 241|0x000000008f100000, 0x000000008f100000, 0x000000008f200000|  0%| F|  |TAMS 0x000000008f100000, 0x000000008f100000| Untracked 
| 242|0x000000008f200000, 0x000000008f200000, 0x000000008f300000|  0%| F|  |TAMS 0x000000008f200000, 0x000000008f200000| Untracked 
| 243|0x000000008f300000, 0x000000008f300000, 0x000000008f400000|  0%| F|  |TAMS 0x000000008f300000, 0x000000008f300000| Untracked 
| 244|0x000000008f400000, 0x000000008f4d9c68, 0x000000008f500000| 85%| E|  |TAMS 0x000000008f400000, 0x000000008f400000| Complete 
| 245|0x000000008f500000, 0x000000008f600000, 0x000000008f600000|100%| E|CS|TAMS 0x000000008f500000, 0x000000008f500000| Complete 
| 246|0x000000008f600000, 0x000000008f700000, 0x000000008f700000|100%| E|CS|TAMS 0x000000008f600000, 0x000000008f600000| Complete 
| 247|0x000000008f700000, 0x000000008f800000, 0x000000008f800000|100%| E|CS|TAMS 0x000000008f700000, 0x000000008f700000| Complete 
| 248|0x000000008f800000, 0x000000008f900000, 0x000000008f900000|100%| E|CS|TAMS 0x000000008f800000, 0x000000008f800000| Complete 
| 249|0x000000008f900000, 0x000000008fa00000, 0x000000008fa00000|100%| E|CS|TAMS 0x000000008f900000, 0x000000008f900000| Complete 
| 250|0x000000008fa00000, 0x000000008fb00000, 0x000000008fb00000|100%| E|CS|TAMS 0x000000008fa00000, 0x000000008fa00000| Complete 
| 251|0x000000008fb00000, 0x000000008fc00000, 0x000000008fc00000|100%| E|CS|TAMS 0x000000008fb00000, 0x000000008fb00000| Complete 
| 252|0x000000008fc00000, 0x000000008fd00000, 0x000000008fd00000|100%| E|CS|TAMS 0x000000008fc00000, 0x000000008fc00000| Complete 
| 253|0x000000008fd00000, 0x000000008fe00000, 0x000000008fe00000|100%| E|CS|TAMS 0x000000008fd00000, 0x000000008fd00000| Complete 

Card table byte_map: [0x00000244163b0000,0x00000244167b0000] _byte_map_base: 0x0000024415fb0000

Marking Bits (Prev, Next): (CMBitMap*) 0x000002440125e100, (CMBitMap*) 0x000002440125e0c8
 Prev Bits: [0x0000024418bb0000, 0x000002441abb0000)
 Next Bits: [0x0000024416bb0000, 0x0000024418bb0000)

Polling page: 0x00000244010f0000

Metaspace:

Usage:
  Non-class:    105.51 MB capacity,   103.01 MB ( 98%) used,     2.03 MB (  2%) free+waste,   482.06 KB ( <1%) overhead. 
      Class:     16.14 MB capacity,    14.69 MB ( 91%) used,     1.24 MB (  8%) free+waste,   211.38 KB (  1%) overhead. 
       Both:    121.64 MB capacity,   117.69 MB ( 97%) used,     3.27 MB (  3%) free+waste,   693.44 KB ( <1%) overhead. 

Virtual space:
  Non-class space:      106.00 MB reserved,     105.75 MB (>99%) committed 
      Class space:        1.00 GB reserved,      16.25 MB (  2%) committed 
             Both:        1.10 GB reserved,     122.00 MB ( 11%) committed 

Chunk freelists:
   Non-Class:  0 bytes
       Class:  0 bytes
        Both:  0 bytes

MaxMetaspaceSize: 17179869184.00 GB
CompressedClassSpaceSize: 1.00 GB

CodeHeap 'non-profiled nmethods': size=120000Kb used=17506Kb max_used=17506Kb free=102493Kb
 bounds [0x000002440e010000, 0x000002440f130000, 0x0000024415540000]
CodeHeap 'profiled nmethods': size=120000Kb used=50093Kb max_used=50794Kb free=69906Kb
 bounds [0x0000024406ae0000, 0x0000024409cb0000, 0x000002440e010000]
CodeHeap 'non-nmethods': size=5760Kb used=2354Kb max_used=2425Kb free=3405Kb
 bounds [0x0000024406540000, 0x00000244067b0000, 0x0000024406ae0000]
 total_blobs=23348 nmethods=22375 adapters=881
 compilation: enabled
              stopped_count=0, restarted_count=0
 full_count=0

Compilation events (20 events):
Event: 14159.546 Thread 0x000002441df5d000 25295       3       org.gradle.execution.plan.LocalTaskNodeExecutor::execute (119 bytes)
Event: 14159.547 Thread 0x000002441df5d000 nmethod 25295 0x00000244083f7210 code [0x00000244083f7500, 0x00000244083f8a48]
Event: 14159.547 Thread 0x000002441df5d000 25283       3       org.gradle.internal.snapshot.impl.ListValueSnapshot::snapshot (7 bytes)
Event: 14159.548 Thread 0x000002441df5d000 nmethod 25283 0x0000024407ce1510 code [0x0000024407ce16c0, 0x0000024407ce17e8]
Event: 14159.548 Thread 0x000002441df5d000 25285       3       org.gradle.internal.snapshot.impl.ListValueSnapshot::equals (6 bytes)
Event: 14159.548 Thread 0x000002441df5d000 nmethod 25285 0x0000024407d59910 code [0x0000024407d59ac0, 0x0000024407d59be8]
Event: 14159.553 Thread 0x000002441df5d000 25297   !   3       java.io.FileOutputStream::close (69 bytes)
Event: 14159.553 Thread 0x000002441df5d000 nmethod 25297 0x00000244083c7410 code [0x00000244083c7600, 0x00000244083c7bb8]
Event: 14159.558 Thread 0x000002441df5d000 25298       3       java.io.FileOutputStream$1::close (11 bytes)
Event: 14159.558 Thread 0x000002441df5d000 nmethod 25298 0x00000244083e2790 code [0x00000244083e2980, 0x00000244083e2fd8]
Event: 14159.561 Thread 0x000002441df5d000 25299       3       org.gradle.cache.internal.DefaultCrossBuildInMemoryCacheFactory$DefaultCrossBuildInMemoryCache::retainValuesFromCurrentSession (21 bytes)
Event: 14159.561 Thread 0x000002441df5d000 nmethod 25299 0x00000244083ca210 code [0x00000244083ca3e0, 0x00000244083ca678]
Event: 14159.563 Thread 0x000002441df5d000 25300       3       java.util.concurrent.SynchronousQueue::poll (38 bytes)
Event: 14159.564 Thread 0x000002441df5d000 nmethod 25300 0x00000244083cd790 code [0x00000244083cd980, 0x00000244083cdd58]
Event: 14159.564 Thread 0x000002441df5d000 25301       3       org.gradle.cache.internal.DefaultFileLockManager$DefaultFileLock::getState (9 bytes)
Event: 14159.565 Thread 0x000002441df5d000 nmethod 25301 0x00000244083cfb10 code [0x00000244083cfce0, 0x00000244083cff48]
Event: 14159.565 Thread 0x0000024423a7b000 25302       4       java.nio.channels.spi.AbstractInterruptibleChannel::isOpen (13 bytes)
Event: 14159.565 Thread 0x000002441df5c000 25303       4       org.gradle.internal.operations.DefaultBuildOperationIdFactory::nextId (8 bytes)
Event: 14159.565 Thread 0x0000024423a7b000 nmethod 25302 0x000002440f12c490 code [0x000002440f12c620, 0x000002440f12c698]
Event: 14159.566 Thread 0x000002441df5c000 nmethod 25303 0x000002440f12c710 code [0x000002440f12c8a0, 0x000002440f12c918]

GC Heap History (20 events):
Event: 13462.148 GC heap before
{Heap before GC invocations=50 (full 0):
 garbage-first heap   total 260096K, used 153175K [0x0000000080000000, 0x0000000100000000)
  region size 1024K, 48 young (49152K), 2 survivors (2048K)
 Metaspace       used 118131K, capacity 121398K, committed 122240K, reserved 1155072K
  class space    used 14755K, capacity 16001K, committed 16512K, reserved 1048576K
}
Event: 13462.161 GC heap after
{Heap after GC invocations=51 (full 0):
 garbage-first heap   total 260096K, used 110317K [0x0000000080000000, 0x0000000100000000)
  region size 1024K, 4 young (4096K), 4 survivors (4096K)
 Metaspace       used 118131K, capacity 121398K, committed 122240K, reserved 1155072K
  class space    used 14755K, capacity 16001K, committed 16512K, reserved 1048576K
}
Event: 13554.439 GC heap before
{Heap before GC invocations=52 (full 0):
 garbage-first heap   total 260096K, used 209488K [0x0000000080000000, 0x0000000100000000)
  region size 1024K, 89 young (91136K), 4 survivors (4096K)
 Metaspace       used 118464K, capacity 121742K, committed 122240K, reserved 1155072K
  class space    used 14781K, capacity 16049K, committed 16512K, reserved 1048576K
}
Event: 13554.448 GC heap after
{Heap after GC invocations=53 (full 0):
 garbage-first heap   total 260096K, used 110373K [0x0000000080000000, 0x0000000100000000)
  region size 1024K, 6 young (6144K), 6 survivors (6144K)
 Metaspace       used 118464K, capacity 121742K, committed 122240K, reserved 1155072K
  class space    used 14781K, capacity 16049K, committed 16512K, reserved 1048576K
}
Event: 13554.528 GC heap before
{Heap before GC invocations=53 (full 0):
 garbage-first heap   total 260096K, used 115493K [0x0000000080000000, 0x0000000100000000)
  region size 1024K, 12 young (12288K), 6 survivors (6144K)
 Metaspace       used 118472K, capacity 121807K, committed 122496K, reserved 1155072K
  class space    used 14781K, capacity 16049K, committed 16512K, reserved 1048576K
}
Event: 13554.542 GC heap after
{Heap after GC invocations=54 (full 0):
 garbage-first heap   total 260096K, used 100697K [0x0000000080000000, 0x0000000100000000)
  region size 1024K, 2 young (2048K), 2 survivors (2048K)
 Metaspace       used 118472K, capacity 121807K, committed 122496K, reserved 1155072K
  class space    used 14781K, capacity 16049K, committed 16512K, reserved 1048576K
}
Event: 13621.279 GC heap before
{Heap before GC invocations=54 (full 0):
 garbage-first heap   total 260096K, used 195929K [0x0000000080000000, 0x0000000100000000)
  region size 1024K, 96 young (98304K), 2 survivors (2048K)
 Metaspace       used 118664K, capacity 121977K, committed 122496K, reserved 1155072K
  class space    used 14785K, capacity 16055K, committed 16512K, reserved 1048576K
}
Event: 13621.293 GC heap after
{Heap after GC invocations=55 (full 0):
 garbage-first heap   total 260096K, used 104794K [0x0000000080000000, 0x0000000100000000)
  region size 1024K, 6 young (6144K), 6 survivors (6144K)
 Metaspace       used 118664K, capacity 121977K, committed 122496K, reserved 1155072K
  class space    used 14785K, capacity 16055K, committed 16512K, reserved 1048576K
}
Event: 13830.633 GC heap before
{Heap before GC invocations=56 (full 0):
 garbage-first heap   total 260096K, used 202074K [0x0000000080000000, 0x0000000100000000)
  region size 1024K, 101 young (103424K), 6 survivors (6144K)
 Metaspace       used 118782K, capacity 122112K, committed 122752K, reserved 1155072K
  class space    used 14786K, capacity 16055K, committed 16512K, reserved 1048576K
}
Event: 13830.652 GC heap after
{Heap after GC invocations=57 (full 0):
 garbage-first heap   total 260096K, used 115488K [0x0000000080000000, 0x0000000100000000)
  region size 1024K, 13 young (13312K), 13 survivors (13312K)
 Metaspace       used 118782K, capacity 122112K, committed 122752K, reserved 1155072K
  class space    used 14786K, capacity 16055K, committed 16512K, reserved 1048576K
}
Event: 13830.659 GC heap before
{Heap before GC invocations=57 (full 0):
 garbage-first heap   total 260096K, used 116512K [0x0000000080000000, 0x0000000100000000)
  region size 1024K, 14 young (14336K), 13 survivors (13312K)
 Metaspace       used 118789K, capacity 122176K, committed 122752K, reserved 1155072K
  class space    used 14786K, capacity 16055K, committed 16512K, reserved 1048576K
}
Event: 13830.693 GC heap after
{Heap after GC invocations=58 (full 0):
 garbage-first heap   total 260096K, used 102008K [0x0000000080000000, 0x0000000100000000)
  region size 1024K, 2 young (2048K), 2 survivors (2048K)
 Metaspace       used 118789K, capacity 122176K, committed 122752K, reserved 1155072K
  class space    used 14786K, capacity 16055K, committed 16512K, reserved 1048576K
}
Event: 13831.211 GC heap before
{Heap before GC invocations=58 (full 0):
 garbage-first heap   total 260096K, used 140920K [0x0000000080000000, 0x0000000100000000)
  region size 1024K, 41 young (41984K), 2 survivors (2048K)
 Metaspace       used 118899K, capacity 122332K, committed 123008K, reserved 1155072K
  class space    used 14789K, capacity 16059K, committed 16512K, reserved 1048576K
}
Event: 13831.223 GC heap after
{Heap after GC invocations=59 (full 0):
 garbage-first heap   total 260096K, used 103353K [0x0000000080000000, 0x0000000100000000)
  region size 1024K, 3 young (3072K), 3 survivors (3072K)
 Metaspace       used 118899K, capacity 122332K, committed 123008K, reserved 1155072K
  class space    used 14789K, capacity 16059K, committed 16512K, reserved 1048576K
}
Event: 13946.690 GC heap before
{Heap before GC invocations=60 (full 0):
 garbage-first heap   total 260096K, used 212921K [0x0000000080000000, 0x0000000100000000)
  region size 1024K, 98 young (100352K), 3 survivors (3072K)
 Metaspace       used 119094K, capacity 122488K, committed 123008K, reserved 1155072K
  class space    used 14790K, capacity 16062K, committed 16512K, reserved 1048576K
}
Event: 13946.702 GC heap after
{Heap after GC invocations=61 (full 0):
 garbage-first heap   total 260096K, used 107553K [0x0000000080000000, 0x0000000100000000)
  region size 1024K, 7 young (7168K), 7 survivors (7168K)
 Metaspace       used 119094K, capacity 122488K, committed 123008K, reserved 1155072K
  class space    used 14790K, capacity 16062K, committed 16512K, reserved 1048576K
}
Event: 13946.721 GC heap before
{Heap before GC invocations=61 (full 0):
 garbage-first heap   total 260096K, used 111649K [0x0000000080000000, 0x0000000100000000)
  region size 1024K, 12 young (12288K), 7 survivors (7168K)
 Metaspace       used 119095K, capacity 122488K, committed 123008K, reserved 1155072K
  class space    used 14790K, capacity 16062K, committed 16512K, reserved 1048576K
}
Event: 13946.743 GC heap after
{Heap after GC invocations=62 (full 0):
 garbage-first heap   total 260096K, used 98538K [0x0000000080000000, 0x0000000100000000)
  region size 1024K, 2 young (2048K), 2 survivors (2048K)
 Metaspace       used 119095K, capacity 122488K, committed 123008K, reserved 1155072K
  class space    used 14790K, capacity 16062K, committed 16512K, reserved 1048576K
}
Event: 14159.397 GC heap before
{Heap before GC invocations=62 (full 0):
 garbage-first heap   total 260096K, used 199914K [0x0000000080000000, 0x0000000100000000)
  region size 1024K, 102 young (104448K), 2 survivors (2048K)
 Metaspace       used 120461K, capacity 124495K, committed 124544K, reserved 1157120K
  class space    used 15027K, capacity 16501K, committed 16512K, reserved 1048576K
}
Event: 14159.415 GC heap after
{Heap after GC invocations=63 (full 0):
 garbage-first heap   total 260096K, used 103112K [0x0000000080000000, 0x0000000100000000)
  region size 1024K, 6 young (6144K), 6 survivors (6144K)
 Metaspace       used 120461K, capacity 124495K, committed 124544K, reserved 1157120K
  class space    used 15027K, capacity 16501K, committed 16512K, reserved 1048576K
}

Deoptimization events (20 events):
Event: 13866.941 Thread 0x00000244239cf800 DEOPT PACKING pc=0x000002440e3f105c sp=0x00000086726fb070
Event: 13866.941 Thread 0x00000244239cf800 DEOPT UNPACKING pc=0x00000244065678af sp=0x00000086726faec8 mode 2
Event: 13946.188 Thread 0x0000024421c21000 DEOPT PACKING pc=0x000002440709bd16 sp=0x00000086726fae60
Event: 13946.188 Thread 0x0000024421c21000 DEOPT UNPACKING pc=0x00000244065676ce sp=0x00000086726fa378 mode 0
Event: 13946.404 Thread 0x0000024421c21000 Uncommon trap: trap_request=0xffffffcc fr.pc=0x000002440e5e9dc4 relative=0x0000000000000124
Event: 13946.404 Thread 0x0000024421c21000 Uncommon trap: reason=intrinsic_or_type_checked_inlining action=make_not_entrant pc=0x000002440e5e9dc4 method=com.google.common.collect.RegularImmutableList.copyIntoArray([Ljava/lang/Object;I)I @ 11 c2
Event: 13946.404 Thread 0x0000024421c21000 DEOPT PACKING pc=0x000002440e5e9dc4 sp=0x00000086726f9e30
Event: 13946.404 Thread 0x0000024421c21000 DEOPT UNPACKING pc=0x00000244065678af sp=0x00000086726f9dc8 mode 2
Event: 13946.427 Thread 0x0000024421c21000 DEOPT PACKING pc=0x0000024408da23ba sp=0x00000086726fae40
Event: 13946.427 Thread 0x0000024421c21000 DEOPT UNPACKING pc=0x00000244065676ce sp=0x00000086726fa2e8 mode 0
Event: 14008.578 Thread 0x0000024421c20800 DEOPT PACKING pc=0x0000024409b59d15 sp=0x00000086726fd460
Event: 14008.578 Thread 0x0000024421c20800 DEOPT UNPACKING pc=0x00000244065676ce sp=0x00000086726fc950 mode 0
Event: 14158.944 Thread 0x0000024421c1f800 DEOPT PACKING pc=0x0000024407ac14d8 sp=0x00000086726fca90
Event: 14158.944 Thread 0x0000024421c1f800 DEOPT UNPACKING pc=0x00000244065676ce sp=0x00000086726fbf60 mode 0
Event: 14158.975 Thread 0x0000024421c1f800 DEOPT PACKING pc=0x00000244075f293c sp=0x00000086726fafc0
Event: 14158.975 Thread 0x0000024421c1f800 DEOPT UNPACKING pc=0x00000244065676ce sp=0x00000086726fa480 mode 0
Event: 14159.066 Thread 0x00000244239cf800 Uncommon trap: trap_request=0xffffff4d fr.pc=0x000002440ed0a388 relative=0x0000000000001768
Event: 14159.066 Thread 0x00000244239cf800 Uncommon trap: reason=unstable_if action=reinterpret pc=0x000002440ed0a388 method=java.util.concurrent.locks.AbstractQueuedSynchronizer.unparkSuccessor(Ljava/util/concurrent/locks/AbstractQueuedSynchronizer$Node;)V @ 22 c2
Event: 14159.066 Thread 0x00000244239cf800 DEOPT PACKING pc=0x000002440ed0a388 sp=0x0000008673ffded0
Event: 14159.066 Thread 0x00000244239cf800 DEOPT UNPACKING pc=0x00000244065678af sp=0x0000008673ffdd08 mode 2

Classes redefined (0 events):
No events

Internal exceptions (20 events):
Event: 13946.428 Thread 0x0000024421c21000 Exception <a 'sun/nio/fs/WindowsException'{0x000000008b1a7b00}> (0x000000008b1a7b00) thrown at [./src/hotspot/share/prims/jni.cpp, line 615]
Event: 13946.440 Thread 0x0000024421c21000 Exception <a 'sun/nio/fs/WindowsException'{0x000000008b04a4f0}> (0x000000008b04a4f0) thrown at [./src/hotspot/share/prims/jni.cpp, line 615]
Event: 13946.440 Thread 0x0000024421c21000 Exception <a 'sun/nio/fs/WindowsException'{0x000000008b04b4b0}> (0x000000008b04b4b0) thrown at [./src/hotspot/share/prims/jni.cpp, line 615]
Event: 13946.441 Thread 0x0000024421c21000 Exception <a 'sun/nio/fs/WindowsException'{0x000000008b04c4c0}> (0x000000008b04c4c0) thrown at [./src/hotspot/share/prims/jni.cpp, line 615]
Event: 13946.441 Thread 0x0000024421c21000 Exception <a 'sun/nio/fs/WindowsException'{0x000000008b04d4d0}> (0x000000008b04d4d0) thrown at [./src/hotspot/share/prims/jni.cpp, line 615]
Event: 14008.204 Thread 0x0000024421c20800 Exception <a 'sun/nio/fs/WindowsException'{0x000000008e6da5d8}> (0x000000008e6da5d8) thrown at [./src/hotspot/share/prims/jni.cpp, line 615]
Event: 14008.240 Thread 0x0000024421c20800 Exception <a 'java/lang/NoClassDefFoundError'{0x000000008e389270}: org/jetbrains/kotlin/gradle/plugin/KotlinBasePluginWrapper> (0x000000008e389270) thrown at [./src/hotspot/share/oops/constantPool.cpp, line 775]
Event: 14008.252 Thread 0x0000024421c20800 Exception <a 'sun/nio/fs/WindowsException'{0x000000008e2904b8}> (0x000000008e2904b8) thrown at [./src/hotspot/share/prims/jni.cpp, line 615]
Event: 14008.260 Thread 0x0000024421c20800 Exception <a 'sun/nio/fs/WindowsException'{0x000000008e132698}> (0x000000008e132698) thrown at [./src/hotspot/share/prims/jni.cpp, line 615]
Event: 14008.260 Thread 0x0000024421c20800 Exception <a 'sun/nio/fs/WindowsException'{0x000000008e133658}> (0x000000008e133658) thrown at [./src/hotspot/share/prims/jni.cpp, line 615]
Event: 14008.261 Thread 0x0000024421c20800 Exception <a 'sun/nio/fs/WindowsException'{0x000000008e134668}> (0x000000008e134668) thrown at [./src/hotspot/share/prims/jni.cpp, line 615]
Event: 14008.261 Thread 0x0000024421c20800 Exception <a 'sun/nio/fs/WindowsException'{0x000000008e135678}> (0x000000008e135678) thrown at [./src/hotspot/share/prims/jni.cpp, line 615]
Event: 14159.066 Thread 0x00000244239cf800 Implicit null exception at 0x000002440ed09156 to 0x000002440ed0a360
Event: 14159.121 Thread 0x0000024421c1f800 Exception <a 'sun/nio/fs/WindowsException'{0x000000008af1f160}> (0x000000008af1f160) thrown at [./src/hotspot/share/prims/jni.cpp, line 615]
Event: 14159.164 Thread 0x0000024421c1f800 Exception <a 'java/lang/NoClassDefFoundError'{0x000000008ac5db48}: org/jetbrains/kotlin/gradle/plugin/KotlinBasePluginWrapper> (0x000000008ac5db48) thrown at [./src/hotspot/share/oops/constantPool.cpp, line 775]
Event: 14159.174 Thread 0x0000024421c1f800 Exception <a 'sun/nio/fs/WindowsException'{0x000000008ab2e288}> (0x000000008ab2e288) thrown at [./src/hotspot/share/prims/jni.cpp, line 615]
Event: 14159.180 Thread 0x0000024421c1f800 Exception <a 'sun/nio/fs/WindowsException'{0x000000008abcffb8}> (0x000000008abcffb8) thrown at [./src/hotspot/share/prims/jni.cpp, line 615]
Event: 14159.180 Thread 0x0000024421c1f800 Exception <a 'sun/nio/fs/WindowsException'{0x000000008abd0f78}> (0x000000008abd0f78) thrown at [./src/hotspot/share/prims/jni.cpp, line 615]
Event: 14159.181 Thread 0x0000024421c1f800 Exception <a 'sun/nio/fs/WindowsException'{0x000000008abd1f88}> (0x000000008abd1f88) thrown at [./src/hotspot/share/prims/jni.cpp, line 615]
Event: 14159.181 Thread 0x0000024421c1f800 Exception <a 'sun/nio/fs/WindowsException'{0x000000008abd2f98}> (0x000000008abd2f98) thrown at [./src/hotspot/share/prims/jni.cpp, line 615]

Events (20 events):
Event: 14159.556 Executing VM operation: RevokeBias done
Event: 14159.556 Executing VM operation: RevokeBias
Event: 14159.557 Executing VM operation: RevokeBias done
Event: 14159.557 Thread 0x00000244239cc000 Thread exited: 0x00000244239cc000
Event: 14159.558 Executing VM operation: RevokeBias
Event: 14159.559 Executing VM operation: RevokeBias done
Event: 14159.559 Executing VM operation: RevokeBias
Event: 14159.559 Executing VM operation: RevokeBias done
Event: 14159.562 Thread 0x0000024421c21000 Thread exited: 0x0000024421c21000
Event: 14159.563 Thread 0x0000024421c27000 Thread exited: 0x0000024421c27000
Event: 14159.564 Thread 0x00000244239ce800 Thread exited: 0x00000244239ce800
Event: 14159.566 Thread 0x00000244214d9000 Thread exited: 0x00000244214d9000
Event: 14159.566 Thread 0x00000244214d5000 Thread exited: 0x00000244214d5000
Event: 14159.566 Thread 0x00000244239cd000 Thread exited: 0x00000244239cd000
Event: 14159.566 Thread 0x00000244239cf800 Thread exited: 0x00000244239cf800
Event: 14159.566 Thread 0x00000244239cd800 Thread exited: 0x00000244239cd800
Event: 14159.566 Thread 0x00000244239d2800 Thread exited: 0x00000244239d2800
Event: 14159.566 Thread 0x00000244214da800 Thread exited: 0x00000244214da800
Event: 14159.567 Thread 0x00000244239d1000 Thread exited: 0x00000244239d1000
Event: 14159.568 Executing VM operation: CGC_Operation


Dynamic libraries:
0x00007ff7b10b0000 - 0x00007ff7b10ba000 	C:\Program Files\Android\Android Studio\jre\bin\java.exe
0x00007ff8fd8d0000 - 0x00007ff8fdac5000 	C:\Windows\SYSTEM32\ntdll.dll
0x00007ff8fc210000 - 0x00007ff8fc2cd000 	C:\Windows\System32\KERNEL32.DLL
0x00007ff8fb460000 - 0x00007ff8fb729000 	C:\Windows\System32\KERNELBASE.dll
0x00007ff8fb840000 - 0x00007ff8fb940000 	C:\Windows\System32\ucrtbase.dll
0x00007ff8b8520000 - 0x00007ff8b8539000 	C:\Program Files\Android\Android Studio\jre\bin\jli.dll
0x00007ff8c13e0000 - 0x00007ff8c13f7000 	C:\Program Files\Android\Android Studio\jre\bin\VCRUNTIME140.dll
0x00007ff8fbd00000 - 0x00007ff8fbea0000 	C:\Windows\System32\USER32.dll
0x00007ff8fb200000 - 0x00007ff8fb222000 	C:\Windows\System32\win32u.dll
0x00007ff8fbea0000 - 0x00007ff8fbeca000 	C:\Windows\System32\GDI32.dll
0x00007ff8e38a0000 - 0x00007ff8e3b3a000 	C:\Windows\WinSxS\amd64_microsoft.windows.common-controls_6595b64144ccf1df_6.0.19041.1110_none_60b5254171f9507e\COMCTL32.dll
0x00007ff8fb730000 - 0x00007ff8fb83b000 	C:\Windows\System32\gdi32full.dll
0x00007ff8fd590000 - 0x00007ff8fd62e000 	C:\Windows\System32\msvcrt.dll
0x00007ff8fb390000 - 0x00007ff8fb42d000 	C:\Windows\System32\msvcp_win.dll
0x00007ff8fcb40000 - 0x00007ff8fcb70000 	C:\Windows\System32\IMM32.DLL
0x00007ff870270000 - 0x00007ff87030d000 	C:\Program Files\Android\Android Studio\jre\bin\msvcp140.dll
0x00007ff874690000 - 0x00007ff87515f000 	C:\Program Files\Android\Android Studio\jre\bin\server\jvm.dll
0x00007ff8fbf70000 - 0x00007ff8fc01c000 	C:\Windows\System32\ADVAPI32.dll
0x00007ff8fbed0000 - 0x00007ff8fbf6b000 	C:\Windows\System32\sechost.dll
0x00007ff8fc0e0000 - 0x00007ff8fc20a000 	C:\Windows\System32\RPCRT4.dll
0x00007ff8fcbd0000 - 0x00007ff8fcbd8000 	C:\Windows\System32\PSAPI.DLL
0x00007ff8ea880000 - 0x00007ff8ea8a7000 	C:\Windows\SYSTEM32\WINMM.dll
0x00007ff8e5530000 - 0x00007ff8e5539000 	C:\Windows\SYSTEM32\WSOCK32.dll
0x00007ff8f1c20000 - 0x00007ff8f1c2a000 	C:\Windows\SYSTEM32\VERSION.dll
0x00007ff8fccd0000 - 0x00007ff8fcd3b000 	C:\Windows\System32\WS2_32.dll
0x00007ff8f8f40000 - 0x00007ff8f8f52000 	C:\Windows\SYSTEM32\kernel.appcore.dll
0x00007ff8f4580000 - 0x00007ff8f4591000 	C:\Program Files\Android\Android Studio\jre\bin\verify.dll
0x00007ff8e5670000 - 0x00007ff8e5854000 	C:\Windows\SYSTEM32\DBGHELP.DLL
0x00007ff8e5580000 - 0x00007ff8e55ac000 	C:\Windows\SYSTEM32\dbgcore.DLL
0x00007ff8fb170000 - 0x00007ff8fb1f3000 	C:\Windows\System32\bcryptPrimitives.dll
0x00007ff8f3b20000 - 0x00007ff8f3b49000 	C:\Program Files\Android\Android Studio\jre\bin\java.dll
0x00007ff8f4600000 - 0x00007ff8f460b000 	C:\Program Files\Android\Android Studio\jre\bin\jimage.dll
0x00007ff8e76c0000 - 0x00007ff8e76d8000 	C:\Program Files\Android\Android Studio\jre\bin\zip.dll
0x00007ff8fc400000 - 0x00007ff8fcb3f000 	C:\Windows\System32\SHELL32.dll
0x00007ff8f9140000 - 0x00007ff8f98d1000 	C:\Windows\SYSTEM32\windows.storage.dll
0x00007ff8fd210000 - 0x00007ff8fd565000 	C:\Windows\System32\combase.dll
0x00007ff8faa80000 - 0x00007ff8faaac000 	C:\Windows\SYSTEM32\Wldp.dll
0x00007ff8fd7e0000 - 0x00007ff8fd88e000 	C:\Windows\System32\SHCORE.dll
0x00007ff8fcc70000 - 0x00007ff8fccc5000 	C:\Windows\System32\shlwapi.dll
0x00007ff8faf50000 - 0x00007ff8faf6f000 	C:\Windows\SYSTEM32\profapi.dll
0x00007ff8e76a0000 - 0x00007ff8e76ba000 	C:\Program Files\Android\Android Studio\jre\bin\net.dll
0x00007ff8f47c0000 - 0x00007ff8f48ca000 	C:\Windows\SYSTEM32\WINHTTP.dll
0x00007ff8fa7e0000 - 0x00007ff8fa84a000 	C:\Windows\system32\mswsock.dll
0x00007ff8e3fa0000 - 0x00007ff8e3fb4000 	C:\Program Files\Android\Android Studio\jre\bin\nio.dll
0x00007ff8d2b40000 - 0x00007ff8d2b67000 	C:\Users\moxit\.gradle\native\8bec1ad78214c89d9ad589b4d07fe93259594b29d510b10fafb7a158f7737e5d\windows-amd64\native-platform.dll
0x00007ff870e10000 - 0x00007ff870f4d000 	C:\Users\moxit\.gradle\native\53dbd7edfb1c66fb8903c78663c9afc45aea4f116125fa6feffd364cf09443e8\windows-amd64\native-platform-file-events.dll
0x00007ff8f3bb0000 - 0x00007ff8f3bba000 	C:\Program Files\Android\Android Studio\jre\bin\management.dll
0x00007ff8e7590000 - 0x00007ff8e759c000 	C:\Program Files\Android\Android Studio\jre\bin\management_ext.dll
0x00007ff8fa9c0000 - 0x00007ff8fa9d8000 	C:\Windows\SYSTEM32\CRYPTSP.dll
0x00007ff8fa110000 - 0x00007ff8fa144000 	C:\Windows\system32\rsaenh.dll
0x00007ff8fb430000 - 0x00007ff8fb457000 	C:\Windows\System32\bcrypt.dll
0x00007ff8faf10000 - 0x00007ff8faf3e000 	C:\Windows\SYSTEM32\USERENV.dll
0x00007ff8fa9e0000 - 0x00007ff8fa9ec000 	C:\Windows\SYSTEM32\CRYPTBASE.dll
0x00007ff8fa480000 - 0x00007ff8fa4bb000 	C:\Windows\SYSTEM32\IPHLPAPI.DLL
0x00007ff8fc3f0000 - 0x00007ff8fc3f8000 	C:\Windows\System32\NSI.dll
0x00007ff8f4120000 - 0x00007ff8f4137000 	C:\Windows\SYSTEM32\dhcpcsvc6.DLL
0x00007ff8f4100000 - 0x00007ff8f411d000 	C:\Windows\SYSTEM32\dhcpcsvc.DLL
0x00007ff8fa4c0000 - 0x00007ff8fa58c000 	C:\Windows\SYSTEM32\DNSAPI.dll
0x00007ff8dab40000 - 0x00007ff8dab67000 	C:\Program Files\Android\Android Studio\jre\bin\sunec.dll

dbghelp: loaded successfully - version: 4.0.5 - missing functions: none
symbol engine: initialized successfully - sym options: 0x614 - pdb path: .;C:\Program Files\Android\Android Studio\jre\bin;C:\Windows\SYSTEM32;C:\Windows\WinSxS\amd64_microsoft.windows.common-controls_6595b64144ccf1df_6.0.19041.1110_none_60b5254171f9507e;C:\Program Files\Android\Android Studio\jre\bin\server;C:\Users\moxit\.gradle\native\8bec1ad78214c89d9ad589b4d07fe93259594b29d510b10fafb7a158f7737e5d\windows-amd64;C:\Users\moxit\.gradle\native\53dbd7edfb1c66fb8903c78663c9afc45aea4f116125fa6feffd364cf09443e8\windows-amd64

VM Arguments:
jvm_args: --add-opens=java.base/java.util=ALL-UNNAMED --add-opens=java.base/java.lang=ALL-UNNAMED --add-opens=java.base/java.lang.invoke=ALL-UNNAMED --add-opens=java.base/java.util=ALL-UNNAMED --add-opens=java.prefs/java.util.prefs=ALL-UNNAMED --add-opens=java.prefs/java.util.prefs=ALL-UNNAMED --add-opens=java.base/java.nio.charset=ALL-UNNAMED --add-opens=java.base/java.net=ALL-UNNAMED --add-opens=java.base/java.util.concurrent.atomic=ALL-UNNAMED -Xmx2048m -Dfile.encoding=UTF-8 -Duser.country=CA -Duser.language=en -Duser.variant 
java_command: org.gradle.launcher.daemon.bootstrap.GradleDaemon 7.0.2
java_class_path (initial): C:\Users\moxit\.gradle\wrapper\dists\gradle-7.0.2-bin\857tjihv64xamwrf0h14cai3r\gradle-7.0.2\lib\gradle-launcher-7.0.2.jar
Launcher Type: SUN_STANDARD

[Global flags]
     intx CICompilerCount                          = 4                                         {product} {ergonomic}
     uint ConcGCThreads                            = 2                                         {product} {ergonomic}
     uint G1ConcRefinementThreads                  = 8                                         {product} {ergonomic}
   size_t G1HeapRegionSize                         = 1048576                                   {product} {ergonomic}
    uintx GCDrainStackTargetSize                   = 64                                        {product} {ergonomic}
   size_t InitialHeapSize                          = 266338304                                 {product} {ergonomic}
   size_t MarkStackSize                            = 4194304                                   {product} {ergonomic}
   size_t MaxHeapSize                              = 2147483648                                {product} {command line}
   size_t MaxNewSize                               = 1287651328                                {product} {ergonomic}
   size_t MinHeapDeltaBytes                        = 1048576                                   {product} {ergonomic}
    uintx NonNMethodCodeHeapSize                   = 5836300                                {pd product} {ergonomic}
    uintx NonProfiledCodeHeapSize                  = 122910970                              {pd product} {ergonomic}
    uintx ProfiledCodeHeapSize                     = 122910970                              {pd product} {ergonomic}
    uintx ReservedCodeCacheSize                    = 251658240                              {pd product} {ergonomic}
     bool SegmentedCodeCache                       = true                                      {product} {ergonomic}
     bool UseCompressedClassPointers               = true                                 {lp64_product} {ergonomic}
     bool UseCompressedOops                        = true                                 {lp64_product} {ergonomic}
     bool UseG1GC                                  = true                                      {product} {ergonomic}
     bool UseLargePagesIndividualAllocation        = false                                  {pd product} {ergonomic}

Logging:
Log output configuration:
 #0: stdout all=warning uptime,level,tags
 #1: stderr all=off uptime,level,tags

Environment Variables:
JAVA_HOME=C:\Program Files\Java\jdk-16.0.2
PATH=C:\Program Files\Common Files\Oracle\Java\javapath;C:\Program Files (x86)\Common Files\Oracle\Java\javapath;C:\Windows\system32;C:\Windows;C:\Windows\System32\Wbem;C:\Windows\System32\WindowsPowerShell\v1.0\;C:\Windows\System32\OpenSSH\;C:\Program Files\NVIDIA Corporation\NVIDIA NvDLISR;C:\Program Files (x86)\NVIDIA Corporation\PhysX\Common;C:\Program Files\Git\cmd;C:\Users\moxit\AppData\Local\Microsoft\WindowsApps;
USERNAME=moxit
OS=Windows_NT
PROCESSOR_IDENTIFIER=Intel64 Family 6 Model 158 Stepping 10, GenuineIntel



---------------  S Y S T E M  ---------------

OS: Windows 10 , 64 bit Build 19041 (10.0.19041.1023)
OS uptime: 0 days 9:11 hours

CPU:total 8 (initial active 8) (4 cores per cpu, 2 threads per core) family 6 model 158 stepping 10 microcode 0xde, cmov, cx8, fxsr, mmx, sse, sse2, sse3, ssse3, sse4.1, sse4.2, popcnt, avx, avx2, aes, clmul, erms, 3dnowpref, lzcnt, ht, tsc, tscinvbit, bmi1, bmi2, adx, fma

Memory: 4k page, system-wide physical 16229M (4304M free)
TotalPageFile size 22815M (AvailPageFile size 3592M)
current process WorkingSet (physical memory assigned to process): 564M, peak: 600M
current process commit charge ("private bytes"): 653M, peak: 674M

vm_info: OpenJDK 64-Bit Server VM (11.0.10+0-b96-7249189) for windows-amd64 JRE (11.0.10+0-b96-7249189), built on Mar 31 2021 21:44:00 by "builder" with MS VC++ 14.0 (VS2015)

END.
